1 2 56 DP
3 13 1 DP
5 8 62 DP
6 12 23 DP
7 2 13 DP
8 15 92 DP
11 4 33 DP
14 0 138 DP
16 6 89 DP
16 9 196 DP
25 5 154 DP
26 12 91 DP
27 2 157 DP
28 15 189 DP
29 10 92 RP
30 10 79 DP
32 11 95 DP
34 15 163 DP
39 2 195 DP
40 4 10 DP
40 6 33 RP
41 4 59 DP
43 7 125 DP
43 15 78 DP
46 1 51 DP
46 11 158 DP
48 1 106 DP
49 2 144 DP
51 11 16 DP
58 8 85 DP
63 4 63 DP
64 10 117 DP
66 11 135 DP
68 15 178 DP
69 3 168 DP
73 12 44 DP
76 0 116 DP
79 15 7 DP
81 7 89 RP
84 8 74 DP
85 2 29 DP
89 3 122 DP
90 6 22 DP
92 7 66 DP
95 6 151 DP
97 12 51 RP
98 9 15 DP
100 9 18 DP
104 14 103 DP
105 5 43 DP
107 7 131 DP
107 10 200 DP
108 11 184 DP
109 12 22 RP
110 13 159 DP
111 2 147 DP
116 4 178 RP
117 1 193 DP
119 3 41 DP
119 13 193 RP
123 10 69 DP
124 4 24 DP
126 0 175 DP
130 6 141 DP
136 11 16 RP
137 3 198 DP
137 7 160 DP
138 1 92 RP
138 8 136 DP
140 8 130 DP
143 10 106 RP
145 14 108 DP
146 7 97 DP
146 14 11 DP
149 2 193 RP
151 11 126 DP
151 13 110 DP
152 7 173 DP
154 14 74 RP
163 2 98 DP
163 11 188 DP
165 15 132 DP
169 12 194 DP
171 7 179 DP
173 0 162 DP
173 11 76 DP
174 2 162 RP
176 2 42 DP
180 15 79 RP
183 1 155 DP
183 4 99 DP
183 9 109 DP
184 3 169 DP
185 2 93 DP
186 5 183 DP
186 6 139 DP
196 15 169 RP
197 13 153 DP
200 0 18 RP
