2 0 87 DP
2 7 117 DP
4 3 137 DP
6 6 33 DP
6 10 113 DP
8 9 40 DP
9 9 132 DP
9 11 44 DP
13 4 163 DP
15 0 39 DP
16 4 5 DP
17 6 81 DP
18 9 20 DP
19 1 60 DP
22 0 102 DP
23 3 115 DP
26 9 100 DP
31 12 186 DP
32 4 166 DP
37 1 7 DP
43 1 47 DP
45 6 163 RP
46 4 73 DP
48 0 8 DP
48 14 192 DP
49 10 80 DP
49 11 110 DP
50 6 48 DP
52 10 23 DP
54 12 157 DP
58 9 47 RP
59 6 15 DP
64 1 124 DP
64 13 86 DP
65 3 171 DP
66 2 127 DP
67 8 46 DP
68 11 25 DP
68 13 189 DP
68 15 105 DP
71 3 86 RP
72 7 191 DP
75 11 63 DP
76 11 31 DP
77 12 149 DP
78 5 79 DP
86 11 33 RP
90 9 45 DP
91 8 138 DP
96 1 49 DP
99 4 22 DP
100 6 89 DP
101 5 66 DP
106 8 168 DP
107 1 25 RP
109 7 152 DP
111 3 144 DP
112 7 189 RP
114 8 163 RP
116 6 21 DP
121 14 80 RP
125 6 23 RP
128 13 97 DP
130 5 193 DP
130 12 53 DP
132 15 195 DP
134 3 94 DP
136 0 90 DP
136 7 60 RP
139 9 56 DP
139 10 191 RP
144 8 200 RP
145 4 1 DP
149 10 15 RP
149 15 24 DP
151 14 71 DP
154 7 138 RP
156 8 65 DP
157 0 147 RP
157 6 17 DP
161 10 118 DP
166 4 147 DP
168 10 102 RP
169 1 75 DP
169 12 165 DP
172 12 60 RP
175 9 200 DP
175 12 117 RP
178 3 116 DP
178 14 152 RP
183 0 153 DP
185 10 175 DP
185 13 80 RP
188 4 2 DP
188 9 180 DP
189 5 155 DP
194 15 189 RP
198 6 55 DP
