1 3 144 DP
2 5 100 DP
4 11 46 DP
10 9 48 DP
13 8 115 DP
14 14 129 DP
17 4 31 DP
21 13 60 DP
22 8 191 DP
24 2 142 DP
26 12 75 DP
26 15 135 DP
31 7 118 DP
31 14 20 DP
34 9 126 DP
34 11 142 RP
35 2 150 DP
37 10 142 RP
38 11 148 DP
44 7 158 DP
46 10 110 DP
48 9 162 DP
49 1 21 DP
54 9 126 RP
56 6 35 DP
60 3 89 DP
61 4 140 DP
62 15 144 RP
65 8 160 DP
66 7 165 DP
68 13 69 DP
69 5 23 DP
69 6 96 DP
71 14 198 DP
73 7 56 DP
73 14 20 RP
76 8 1 DP
77 7 67 DP
79 8 77 DP
81 7 154 DP
88 11 5 DP
89 6 9 DP
90 1 38 DP
90 14 172 DP
92 10 19 DP
95 10 164 DP
97 5 199 DP
98 14 62 DP
101 10 124 DP
101 15 112 DP
107 13 100 RP
107 15 88 DP
111 8 83 DP
115 1 77 RP
115 2 116 DP
118 7 151 DP
120 6 192 DP
122 13 90 DP
123 3 145 DP
126 10 153 DP
127 0 4 DP
127 11 188 DP
130 0 99 DP
130 9 149 DP
133 9 173 DP
133 14 83 RP
136 11 90 RP
137 2 111 DP
137 15 61 DP
138 0 2 DP
139 5 80 DP
141 0 98 DP
142 3 36 DP
143 15 143 DP
145 12 128 DP
147 3 51 DP
147 15 32 DP
149 2 121 DP
150 15 28 DP
154 7 84 DP
155 6 3 DP
155 11 198 RP
162 4 132 DP
163 15 5 RP
164 2 172 RP
167 14 41 DP
171 13 147 DP
176 5 16 DP
180 13 150 RP
182 3 181 DP
183 10 67 RP
184 6 94 DP
185 8 130 DP
187 2 92 DP
187 5 121 RP
188 13 79 DP
192 9 64 DP
192 11 52 DP
