2 5 193 DP
8 3 172 DP
11 15 129 DP
13 8 37 DP
14 4 148 DP
16 3 69 DP
21 7 144 DP
23 15 136 DP
25 4 57 DP
28 3 119 DP
32 5 80 DP
33 9 91 DP
36 0 162 DP
36 4 149 DP
37 0 24 DP
38 7 108 DP
43 14 45 DP
49 3 122 DP
50 4 35 DP
50 7 153 DP
56 7 110 DP
61 13 85 DP
62 3 182 DP
65 14 120 DP
66 0 136 RP
66 9 5 DP
67 3 82 DP
69 12 21 DP
72 7 96 RP
74 1 119 RP
74 10 13 DP
74 13 42 BP
75 0 66 DP
78 13 182 RP
80 3 174 DP
81 14 120 RP
82 6 161 DP
84 6 38 DP
87 3 74 DP
88 8 112 DP
90 1 119 RP
91 10 44 DP
95 2 95 DP
95 5 60 DP
96 13 55 DP
98 5 89 DP
99 0 59 DP
103 0 136 RP
105 6 138 DP
107 9 96 DP
107 10 85 RP
108 7 150 DP
108 9 196 DP
112 8 45 RP
115 1 21 RP
117 1 188 DP
120 1 64 DP
120 15 165 DP
122 13 146 DP
128 5 71 RP
129 5 104 DP
130 8 199 DP
131 5 83 RP
134 2 100 DP
134 3 59 RP
137 1 20 DP
137 2 9 DP
141 2 36 DP
142 15 132 DP
144 13 87 DP
146 11 127 DP
148 3 162 RP
148 15 71 DP
149 0 60 RP
152 3 63 DP
153 7 143 DP
153 14 67 DP
155 9 34 DP
155 14 25 DP
156 14 146 RP
157 5 28 DP
158 7 85 RP
162 6 75 DP
166 15 102 DP
168 8 119 RP
172 4 104 RP
173 2 114 DP
173 13 83 BP
173 14 55 RP
174 6 3 DP
174 14 193 RP
181 1 196 RP
182 9 185 DP
183 14 59 RP
188 9 155 DP
191 15 67 RP
194 7 134 DP
195 8 113 DP
