1 2 158 DP
1 10 106 DP
2 14 129 DP
7 13 183 DP
9 10 161 DP
11 3 73 DP
12 4 127 DP
15 15 183 RP
20 9 70 DP
20 10 43 DP
24 14 52 DP
26 5 194 DP
29 2 154 DP
29 11 78 DP
30 5 189 DP
31 6 164 DP
32 0 101 DP
36 4 82 DP
38 0 160 DP
38 1 151 DP
41 5 79 DP
43 8 147 DP
43 9 48 DP
46 14 151 RP
47 0 32 DP
51 8 101 RP
53 7 88 DP
57 14 188 DP
60 15 179 DP
65 3 60 RP
66 13 196 DP
68 5 194 RP
74 12 135 RP
76 3 157 DP
76 6 37 DP
76 12 130 DP
77 8 47 DP
82 4 60 DP
82 12 147 RP
84 6 59 DP
84 15 169 DP
86 9 187 DP
88 12 179 RP
89 1 51 DP
89 3 154 RP
91 4 180 DP
91 12 97 DP
92 0 109 DP
92 2 156 DP
95 3 90 DP
97 3 35 DP
97 13 1 DP
99 3 132 DP
100 8 94 DP
104 13 162 DP
107 0 181 DP
111 1 11 DP
112 1 20 DP
115 8 177 DP
117 6 112 DP
121 15 176 DP
127 11 132 RP
128 0 125 DP
134 3 6 DP
135 9 163 DP
140 3 10 DP
141 6 19 DP
142 0 84 DP
142 1 114 BP
142 7 52 RP
142 10 135 BP
143 9 179 RP
144 0 103 DP
144 12 91 DP
145 14 36 DP
150 4 183 RP
150 9 7 DP
153 10 38 DP
155 8 65 DP
156 7 9 DP
156 11 58 DP
158 6 75 DP
158 7 28 DP
162 6 184 DP
162 13 80 DP
167 12 186 DP
168 10 151 RP
171 6 96 DP
174 3 147 RP
179 0 122 DP
183 2 190 DP
188 4 95 DP
189 0 107 DP
191 5 6 RP
191 9 89 DP
194 0 105 DP
196 8 127 RP
198 9 182 DP
