4 13 120 DP
4 15 134 DP
7 4 191 DP
11 13 10 DP
12 6 172 DP
12 8 51 DP
14 3 25 DP
14 5 102 DP
14 8 196 DP
15 2 110 DP
21 13 155 DP
24 13 118 DP
25 4 17 DP
26 8 92 DP
26 12 199 DP
28 6 106 DP
38 4 49 DP
40 6 39 DP
40 9 56 DP
41 0 80 DP
43 4 15 DP
43 14 33 DP
44 12 74 DP
46 6 194 DP
47 7 190 DP
47 14 125 DP
51 3 6 DP
51 8 22 DP
52 6 96 DP
57 15 144 DP
59 1 140 DP
61 9 11 DP
62 13 14 DP
63 11 15 RP
65 7 150 DP
68 6 190 RP
68 15 187 DP
69 14 27 DP
71 10 179 DP
79 8 10 RP
79 10 55 DP
85 3 141 DP
86 5 151 DP
88 6 135 DP
90 6 164 DP
91 5 199 RP
91 9 129 DP
95 5 84 DP
99 5 30 DP
99 8 118 RP
103 8 3 DP
103 12 171 DP
106 7 75 DP
106 12 60 BP
106 13 125 RP
108 14 42 DP
110 12 107 DP
110 15 125 RP
114 9 108 DP
116 13 127 DP
118 7 186 DP
119 1 200 DP
120 14 54 DP
123 2 154 DP
123 8 172 RP
126 4 190 RP
127 11 169 DP
128 6 185 DP
128 11 179 RP
132 0 146 DP
134 2 157 DP
140 8 137 DP
141 2 45 DP
141 15 195 DP
147 12 152 DP
149 8 12 DP
149 11 105 DP
150 15 24 DP
151 0 71 DP
158 9 182 DP
160 14 34 DP
161 9 102 RP
164 4 14 RP
165 3 43 DP
165 4 59 DP
167 6 119 DP
167 11 90 DP
169 3 62 DP
170 7 108 RP
177 9 166 DP
179 6 112 DP
183 14 153 DP
186 10 199 RP
190 0 163 DP
191 7 161 DP
191 12 69 DP
194 2 71 RP
195 9 144 RP
196 15 192 DP
200 0 191 RP
