1 1 167 DP
1 14 146 DP
6 0 185 DP
10 7 1 DP
10 9 152 DP
11 3 87 DP
13 7 22 DP
17 5 177 DP
17 8 22 RP
19 2 198 DP
23 12 28 DP
25 5 193 DP
30 3 179 DP
30 7 200 DP
33 0 195 DP
34 2 169 DP
35 3 170 DP
35 13 86 DP
39 4 123 DP
44 8 49 DP
45 7 12 DP
46 6 142 DP
54 9 163 DP
58 2 32 DP
59 1 106 DP
60 12 67 DP
62 7 12 RP
70 12 86 RP
73 12 103 DP
74 11 131 DP
81 4 38 DP
81 9 181 DP
88 3 158 DP
91 6 29 DP
95 5 74 DP
96 7 106 RP
98 7 9 DP
102 10 91 DP
103 0 110 DP
103 11 34 DP
105 5 107 DP
106 10 59 DP
106 14 29 RP
111 2 162 DP
112 1 150 DP
112 2 2 DP
112 15 108 DP
113 13 100 DP
114 15 44 DP
117 15 32 RP
123 7 192 RP
126 8 44 RP
126 11 139 DP
130 8 38 RP
130 14 58 DP
131 3 123 RP
131 6 73 DP
131 8 94 BP
133 6 115 DP
133 8 42 DP
134 10 65 DP
136 0 136 DP
136 9 131 RP
137 13 174 DP
140 2 163 RP
140 4 64 DP
143 0 37 DP
145 6 171 DP
147 10 175 DP
151 1 170 RP
153 0 156 DP
154 2 146 RP
157 3 77 DP
159 14 66 DP
161 1 77 RP
163 1 117 DP
163 2 141 DP
164 10 106 RP
165 6 1 RP
165 10 192 DP
166 2 52 DP
166 14 39 DP
167 8 106 RP
172 15 75 DP
173 3 108 RP
173 10 119 DP
174 11 129 DP
176 8 158 RP
178 13 81 DP
182 9 179 RP
183 5 200 RP
185 13 2 RP
187 14 83 DP
188 15 113 DP
189 6 85 DP
189 12 120 DP
192 15 183 DP
195 11 7 DP
200 7 181 RP
