5 5 140 DP
10 8 200 DP
11 2 129 DP
12 5 142 DP
12 8 21 DP
14 2 85 DP
15 6 102 DP
18 8 170 DP
23 8 50 DP
24 8 185 DP
25 2 184 DP
31 12 63 DP
32 10 97 DP
32 11 175 DP
35 0 194 DP
38 13 94 DP
38 14 13 DP
39 10 61 DP
40 3 80 DP
40 11 179 DP
43 14 49 DP
47 0 185 RP
48 9 120 DP
48 12 3 DP
49 12 173 DP
52 10 62 DP
55 9 46 DP
56 14 100 DP
57 3 181 DP
58 3 127 DP
62 12 21 RP
65 9 23 DP
70 13 51 DP
71 11 119 DP
74 1 30 DP
76 9 174 DP
76 12 95 DP
80 10 200 RP
81 14 3 RP
82 4 109 DP
83 0 179 RP
83 11 126 DP
87 1 107 DP
87 9 146 DP
88 7 103 DP
93 15 78 DP
94 4 124 DP
96 13 175 RP
97 5 12 DP
98 4 118 DP
100 14 66 DP
106 12 128 DP
106 15 171 DP
107 13 103 RP
116 5 189 DP
119 11 113 DP
120 8 52 DP
123 0 117 DP
126 2 33 DP
126 8 59 DP
127 7 76 DP
128 3 48 DP
129 9 196 DP
130 15 133 DP
133 14 92 DP
135 12 59 RP
139 0 162 DP
144 15 94 RP
145 1 119 RP
146 15 173 RP
148 10 42 DP
149 7 86 DP
149 8 124 RP
153 12 69 DP
155 5 122 DP
157 7 185 RP
161 2 144 DP
161 8 97 RP
165 7 42 RP
167 2 111 DP
167 9 176 DP
167 13 16 DP
168 4 104 DP
169 3 177 DP
169 4 130 DP
170 7 127 RP
171 13 174 RP
172 6 150 DP
173 8 50 RP
174 0 141 DP
174 14 132 DP
177 7 178 DP
181 15 182 DP
185 14 94 RP
186 9 168 DP
188 15 144 RP
196 3 69 RP
200 2 91 DP
