3 8 86 DP
4 13 196 DP
5 8 45 DP
5 11 55 DP
9 14 9 DP
11 11 77 DP
15 0 62 DP
16 4 124 DP
17 15 153 DP
19 9 192 DP
23 2 124 RP
24 4 64 DP
25 11 112 DP
26 0 139 DP
26 1 146 DP
27 5 14 DP
28 9 198 DP
29 0 16 DP
29 6 182 DP
29 7 66 DP
31 2 109 DP
32 1 145 DP
35 6 69 DP
37 14 78 DP
39 9 131 DP
40 1 3 DP
42 0 90 DP
47 0 173 DP
49 12 107 DP
50 4 16 RP
52 2 118 DP
52 9 32 DP
57 14 39 DP
59 5 114 DP
60 0 36 DP
60 7 151 DP
61 10 164 DP
62 2 8 RP
69 12 196 RP
70 8 4 DP
72 14 152 DP
73 8 109 RP
75 0 67 DP
75 5 170 DP
76 2 100 DP
77 8 194 DP
77 10 118 RP
79 6 10 DP
88 11 162 DP
100 5 155 DP
100 10 12 DP
101 4 173 RP
102 13 7 DP
107 15 141 DP
109 6 39 RP
111 7 64 RP
113 12 24 DP
116 7 42 DP
116 15 125 DP
118 6 90 RP
118 12 8 DP
121 13 118 RP
127 3 68 DP
127 15 117 DP
130 6 80 DP
130 10 72 DP
131 12 46 DP
134 2 34 DP
134 13 140 DP
135 0 171 DP
136 1 113 DP
136 12 166 DP
137 6 34 RP
138 8 123 DP
140 3 115 DP
155 7 69 RP
157 10 16 RP
158 7 16 RP
168 11 193 DP
170 4 17 DP
170 10 67 RP
170 14 44 BP
172 3 14 RP
176 11 38 DP
178 3 39 RP
179 11 16 RP
180 5 53 DP
181 7 129 DP
182 12 51 DP
182 13 28 DP
184 4 135 DP
185 0 40 DP
185 3 176 DP
186 11 97 DP
187 9 5 DP
187 10 21 DP
190 7 177 DP
194 2 24 RP
196 4 56 DP
200 6 76 DP
