6 5 8 DP
7 10 197 DP
7 12 1 DP
7 15 128 DP
8 1 9 DP
10 1 73 DP
12 12 130 DP
13 3 8 RP
17 9 145 DP
21 11 186 DP
25 2 39 DP
25 14 189 DP
27 0 194 DP
27 4 181 DP
27 9 59 DP
29 5 107 DP
29 15 34 DP
30 1 118 DP
38 9 95 DP
40 3 60 DP
41 3 137 DP
42 6 67 DP
45 6 186 RP
45 13 115 DP
47 8 184 DP
49 9 76 DP
50 15 64 RP
58 8 6 DP
58 10 156 DP
58 14 29 DP
61 1 57 DP
63 6 46 DP
63 14 66 DP
64 9 5 DP
69 12 154 RP
74 15 57 RP
76 8 117 DP
78 5 127 DP
78 9 190 DP
81 7 123 RP
85 6 43 DP
87 9 170 DP
91 3 168 RP
91 6 88 DP
92 14 25 DP
96 13 157 DP
96 15 94 DP
99 8 26 DP
103 14 163 DP
104 5 110 DP
105 14 198 DP
108 14 199 DP
109 7 129 DP
110 3 184 RP
110 6 154 DP
110 7 64 BP
110 8 17 BP
112 4 121 DP
115 1 24 DP
118 7 119 DP
119 12 26 RP
124 6 100 DP
124 9 138 RP
124 10 168 BP
125 0 121 RP
129 2 182 RP
129 15 123 DP
132 12 106 DP
134 3 162 DP
142 8 182 DP
142 14 5 RP
144 2 46 RP
146 13 174 DP
154 7 144 DP
155 4 17 RP
155 7 191 DP
156 1 141 DP
156 6 67 RP
156 13 142 BP
157 12 85 DP
158 14 35 DP
160 3 19 DP
161 15 181 RP
164 0 80 DP
165 12 60 RP
166 2 125 DP
167 6 107 RP
167 15 138 DP
168 4 75 DP
168 7 9 RP
175 1 132 DP
178 5 140 DP
179 5 8 RP
184 0 189 RP
189 8 171 DP
193 15 109 DP
195 8 94 RP
196 13 117 RP
198 0 123 RP
