2 1 84 DP
3 0 29 DP
3 11 137 DP
5 1 123 DP
7 12 182 DP
8 13 56 DP
10 0 24 DP
11 4 55 DP
16 9 67 DP
16 14 200 DP
17 0 100 DP
18 3 149 DP
18 7 166 DP
20 11 21 DP
21 3 167 DP
25 6 40 DP
27 7 168 DP
37 8 67 RP
38 6 91 DP
46 14 40 RP
51 0 36 DP
57 5 196 DP
57 13 74 DP
58 10 87 DP
59 13 91 RP
60 13 61 DP
61 10 55 RP
67 6 164 DP
68 1 176 DP
72 2 41 DP
76 1 76 DP
77 5 193 DP
77 12 70 DP
79 3 154 DP
80 1 74 RP
84 7 72 DP
85 10 93 DP
88 5 53 DP
90 7 188 DP
91 9 97 DP
93 4 113 DP
93 10 184 DP
95 13 48 DP
97 14 90 DP
98 1 127 DP
98 9 71 DP
99 1 102 DP
99 7 55 RP
104 0 47 DP
104 8 84 RP
107 8 153 DP
107 10 165 DP
108 3 200 RP
108 12 30 DP
112 14 75 DP
113 6 62 DP
122 6 125 DP
123 10 100 RP
123 13 9 DP
126 10 168 RP
128 11 37 DP
128 14 38 DP
129 3 61 RP
133 15 187 DP
136 1 128 DP
141 1 85 DP
142 15 143 DP
143 11 29 RP
150 14 139 DP
151 2 23 DP
152 1 109 DP
152 11 117 DP
153 15 85 RP
157 3 141 DP
157 13 28 DP
158 7 129 DP
159 14 37 RP
165 7 187 RP
166 2 150 DP
170 12 14 DP
171 0 96 DP
171 7 107 BP
171 14 149 RP
172 2 137 RP
175 0 174 DP
179 6 25 DP
181 11 49 DP
182 8 171 DP
182 12 1 DP
184 10 44 DP
185 12 193 RP
187 2 193 RP
190 13 97 RP
190 15 110 DP
193 1 77 DP
194 15 185 DP
196 7 22 DP
199 14 32 DP
200 9 93 RP
