2 1 43 DP
2 2 82 DP
3 1 8 DP
3 6 170 DP
3 7 145 DP
7 1 69 DP
8 1 71 DP
9 15 53 DP
16 12 153 DP
18 1 134 DP
19 7 161 DP
22 0 145 RP
23 3 176 DP
25 3 92 DP
26 1 64 DP
27 3 121 DP
30 1 132 DP
33 3 85 DP
39 1 27 DP
39 9 37 BP
39 11 85 RP
41 8 67 DP
41 13 86 DP
42 8 19 DP
42 9 47 DP
43 12 1 DP
43 13 48 DP
46 7 147 DP
47 0 179 DP
48 0 41 DP
51 1 94 DP
51 15 79 DP
52 13 16 DP
55 3 63 DP
55 4 18 DP
59 1 32 DP
63 8 81 DP
66 6 75 DP
69 1 46 DP
70 14 43 RP
72 4 101 DP
77 15 142 DP
78 0 186 DP
78 1 37 RP
81 8 51 DP
84 11 166 DP
86 1 139 DP
89 14 173 DP
91 11 22 DP
91 14 85 RP
92 0 115 DP
93 3 161 RP
93 6 193 DP
94 11 29 DP
102 5 186 RP
103 9 15 DP
104 14 61 DP
109 15 196 DP
111 11 177 DP
112 8 112 DP
117 15 145 RP
118 12 33 DP
121 6 85 RP
131 12 24 DP
132 5 126 RP
134 4 121 RP
134 5 23 DP
134 14 26 BP
135 10 153 RP
136 6 117 DP
137 7 128 DP
138 8 111 DP
141 2 81 RP
145 2 194 DP
145 5 171 DP
149 2 198 DP
154 15 7 DP
160 8 100 DP
165 14 142 RP
166 11 105 DP
169 3 119 DP
173 11 61 RP
175 1 199 DP
175 13 119 RP
176 10 3 DP
177 9 46 RP
181 7 108 DP
183 5 116 DP
185 13 161 RP
186 8 110 DP
187 11 140 DP
187 13 154 DP
188 3 65 DP
192 7 166 RP
196 1 126 DP
196 7 94 RP
197 10 37 RP
199 13 78 DP
200 11 94 RP
