2 3 49 DP
4 2 49 RP
5 5 160 DP
6 12 141 DP
6 14 73 DP
9 11 200 DP
10 7 74 DP
13 13 116 DP
17 13 106 DP
20 3 115 DP
22 1 111 DP
24 5 49 RP
30 0 96 DP
34 3 106 RP
34 8 69 DP
34 14 197 BP
36 9 37 DP
39 3 43 DP
40 10 128 DP
40 12 123 DP
40 13 166 DP
46 4 197 RP
47 9 143 DP
49 8 59 DP
53 11 143 RP
57 4 59 RP
58 15 4 DP
59 2 81 DP
59 9 34 DP
60 15 47 DP
63 6 70 DP
66 15 63 DP
68 2 195 DP
70 0 55 DP
70 13 91 DP
71 4 184 DP
71 12 199 DP
74 0 33 DP
75 8 11 DP
77 5 47 RP
80 1 116 RP
81 5 138 DP
84 1 181 DP
85 2 84 DP
87 2 148 DP
87 6 96 RP
90 12 79 DP
91 9 182 DP
93 6 140 DP
93 10 123 RP
102 9 188 DP
103 2 158 DP
104 15 96 RP
105 4 198 DP
106 9 167 DP
106 15 188 RP
107 6 189 DP
109 0 173 DP
109 1 198 RP
113 7 80 DP
115 11 20 DP
116 2 121 DP
116 15 100 DP
119 11 150 DP
122 12 111 RP
123 5 140 RP
127 14 6 DP
128 9 166 RP
131 2 108 DP
134 0 20 RP
136 6 160 RP
139 2 139 DP
139 7 52 DP
142 8 105 DP
143 10 52 RP
145 4 122 DP
146 9 198 RP
150 6 13 DP
151 7 28 DP
158 1 156 DP
161 6 99 DP
162 3 48 DP
165 13 25 DP
166 15 53 DP
168 0 112 DP
169 9 132 DP
174 11 40 DP
182 10 169 DP
183 5 163 DP
184 10 14 DP
186 15 138 RP
187 0 95 DP
187 15 88 DP
190 13 54 DP
191 12 175 DP
192 15 137 DP
195 3 40 RP
196 7 172 DP
199 12 174 DP
