2 4 199 DP
4 4 172 DP
8 0 86 DP
8 6 5 DP
10 7 56 DP
10 9 165 DP
13 8 8 DP
18 6 89 DP
20 2 115 DP
21 6 36 DP
22 14 144 DP
23 3 96 RP
25 6 129 DP
26 1 189 DP
29 4 77 DP
31 8 119 DP
32 6 173 DP
35 10 138 DP
37 1 2 DP
43 15 106 DP
47 12 196 DP
49 13 137 DP
50 12 84 DP
53 9 76 DP
54 15 113 DP
55 6 14 DP
55 11 27 DP
58 4 25 DP
62 9 186 DP
67 12 2 RP
70 5 52 DP
71 7 81 DP
72 11 123 DP
73 8 135 DP
74 3 188 DP
75 11 162 DP
79 14 192 DP
80 3 121 DP
80 6 103 DP
83 3 106 RP
84 12 10 DP
86 3 60 DP
90 15 124 DP
93 3 99 DP
94 12 185 DP
95 7 140 DP
97 12 46 RP
98 4 131 DP
101 4 166 DP
102 1 179 DP
103 2 122 DP
103 11 130 DP
103 13 114 DP
104 2 137 RP
104 6 55 DP
106 8 36 RP
106 15 96 DP
107 13 176 DP
109 4 47 DP
113 11 192 RP
115 3 89 RP
117 11 35 DP
125 0 146 DP
127 5 46 DP
127 12 172 RP
127 14 33 BP
131 14 15 DP
132 7 29 DP
135 13 78 DP
136 6 8 RP
138 5 184 DP
141 11 31 DP
142 1 76 RP
143 6 135 RP
144 5 9 DP
150 13 3 DP
154 1 145 DP
154 5 118 DP
155 15 119 RP
158 8 133 DP
161 6 142 DP
162 15 129 RP
164 11 140 RP
167 0 25 RP
169 2 128 DP
170 0 179 RP
172 12 51 DP
173 15 104 DP
174 14 13 DP
175 13 51 RP
176 6 164 DP
178 13 85 DP
179 8 149 DP
180 9 89 RP
182 9 35 RP
184 5 81 RP
195 3 81 RP
198 8 143 DP
199 4 83 DP
