1 10 93 DP
2 15 38 DP
4 10 22 DP
5 11 35 DP
6 0 163 DP
7 6 138 DP
11 15 167 DP
13 9 54 DP
13 12 134 DP
14 9 12 DP
15 8 108 DP
19 0 70 DP
25 12 150 DP
25 15 183 DP
26 4 174 DP
28 6 30 DP
29 13 186 DP
30 11 55 DP
31 8 107 DP
31 11 159 DP
32 5 68 DP
34 1 72 DP
35 4 147 DP
35 10 55 RP
37 4 110 DP
42 14 169 DP
45 10 137 DP
47 14 153 DP
48 14 96 DP
49 0 59 DP
52 9 38 RP
53 10 190 DP
60 14 7 DP
63 4 131 DP
63 7 103 DP
67 2 30 RP
67 13 100 DP
72 15 160 DP
79 3 51 DP
79 5 6 DP
81 9 71 DP
84 7 72 RP
89 10 84 DP
89 14 156 DP
93 3 42 DP
93 14 108 RP
94 7 98 DP
98 9 62 DP
100 10 6 RP
101 0 53 DP
101 3 89 DP
102 9 106 DP
102 13 78 DP
105 4 36 DP
108 0 160 RP
109 12 164 DP
112 8 51 RP
114 6 88 DP
122 10 148 DP
123 11 90 DP
124 2 109 DP
124 9 141 DP
125 9 152 DP
128 3 71 RP
130 14 101 DP
131 5 57 DP
133 13 67 DP
138 7 38 RP
140 14 175 DP
141 5 136 DP
141 6 74 DP
146 6 30 RP
148 2 118 DP
148 8 53 RP
149 15 146 DP
150 11 132 DP
150 14 186 RP
151 12 169 RP
153 4 131 RP
157 1 46 DP
157 6 145 DP
160 7 177 DP
160 14 23 DP
162 10 15 DP
165 3 154 DP
166 5 99 DP
173 12 101 RP
176 2 103 RP
176 5 126 DP
179 12 9 DP
180 15 115 DP
185 8 137 RP
188 7 74 RP
189 8 152 RP
195 0 165 DP
195 11 157 DP
197 15 18 DP
200 14 97 DP
