1 14 22 DP
4 2 35 DP
10 6 156 DP
12 3 88 DP
12 15 125 DP
13 15 65 DP
18 14 164 DP
22 12 11 DP
22 13 127 DP
28 7 14 DP
29 15 31 DP
32 10 114 DP
33 8 33 DP
35 12 195 DP
36 12 188 DP
38 3 35 RP
41 14 23 DP
43 11 88 RP
45 2 132 DP
45 6 160 DP
46 4 47 DP
57 0 184 DP
58 12 110 DP
59 10 192 DP
61 0 113 DP
62 7 190 DP
68 11 175 DP
69 5 94 DP
70 2 59 DP
72 3 128 DP
72 11 44 DP
73 0 56 DP
73 10 120 DP
74 10 137 DP
75 1 175 RP
78 14 14 RP
79 5 145 DP
80 8 45 DP
80 15 162 DP
84 12 13 DP
87 11 41 DP
95 4 145 RP
95 7 71 DP
95 10 107 BP
96 0 109 DP
97 0 36 DP
102 4 118 DP
102 11 138 DP
104 0 182 DP
111 3 92 DP
112 2 19 DP
113 1 153 DP
116 8 48 DP
118 1 64 DP
120 5 135 DP
122 1 75 DP
122 2 174 DP
122 12 126 DP
123 6 14 RP
124 3 156 RP
125 8 68 DP
127 7 43 DP
128 1 62 DP
129 8 149 DP
131 5 45 RP
133 10 116 DP
142 2 106 DP
143 4 189 DP
147 0 187 DP
152 15 55 DP
154 12 10 DP
160 2 38 DP
165 4 43 RP
165 10 52 DP
167 12 191 DP
171 14 109 RP
174 14 93 DP
176 9 16 DP
177 4 77 DP
180 14 132 RP
181 5 102 DP
182 14 92 RP
183 11 36 RP
184 8 9 DP
185 4 182 RP
188 0 44 RP
188 2 84 DP
189 5 103 DP
189 11 25 DP
192 2 48 RP
193 9 32 DP
194 9 71 RP
194 10 105 DP
195 14 35 RP
196 10 31 RP
197 2 60 DP
199 15 127 RP
