1 5 189 DP
3 13 142 DP
4 8 81 DP
6 8 64 DP
11 11 135 DP
13 3 119 DP
27 14 160 DP
29 8 109 DP
30 8 80 DP
31 12 153 DP
32 4 37 DP
33 1 34 DP
34 8 124 DP
35 3 182 DP
38 12 27 DP
39 8 165 DP
46 4 77 DP
48 10 87 DP
49 8 121 DP
54 14 67 DP
55 7 63 DP
58 15 121 RP
59 13 64 RP
61 7 118 DP
64 10 64 RP
64 13 154 DP
66 6 186 DP
67 9 54 DP
68 6 13 DP
70 6 166 DP
72 7 25 DP
73 9 3 DP
74 6 46 DP
75 10 159 DP
77 10 167 DP
81 11 43 DP
84 10 48 DP
85 12 142 RP
85 13 24 DP
85 14 155 BP
88 2 34 RP
90 10 200 DP
90 14 194 DP
92 7 182 RP
99 6 40 DP
99 14 184 DP
100 3 179 DP
102 2 46 RP
103 1 55 DP
103 5 153 RP
111 9 119 RP
112 11 197 DP
113 3 31 DP
113 15 72 DP
115 3 17 DP
122 11 74 DP
125 0 129 DP
125 3 95 DP
125 5 45 DP
126 7 99 DP
128 6 43 RP
128 11 148 DP
131 2 190 DP
131 7 145 DP
133 10 110 DP
140 1 39 DP
140 12 105 DP
141 2 88 DP
141 14 39 RP
143 7 182 RP
146 7 183 DP
148 12 158 DP
148 14 117 DP
150 1 32 DP
150 14 87 RP
151 1 78 DP
156 4 133 DP
161 6 32 RP
162 15 189 RP
164 10 124 RP
165 13 103 DP
166 2 57 DP
166 9 97 DP
168 7 128 DP
171 6 29 DP
173 14 153 RP
174 0 81 RP
180 8 140 DP
181 4 53 DP
186 11 168 DP
190 11 85 DP
194 6 139 DP
