1 0 36 DP
6 0 38 DP
6 15 42 DP
8 5 47 DP
9 7 160 DP
9 9 107 DP
11 11 19 DP
11 13 53 DP
13 1 137 DP
13 11 34 DP
13 13 172 DP
14 7 55 DP
15 14 199 DP
25 12 83 DP
27 2 186 DP
30 2 188 RP
32 4 119 DP
34 8 155 DP
36 0 197 DP
37 3 136 DP
37 10 156 DP
40 11 187 DP
42 12 47 RP
44 3 16 DP
45 13 132 DP
46 2 52 DP
46 13 196 DP
47 13 86 DP
51 0 5 DP
52 3 151 DP
54 12 161 DP
55 3 184 DP
55 14 155 RP
56 10 112 DP
57 0 193 DP
58 6 60 DP
61 11 159 DP
62 7 123 DP
68 2 132 RP
69 1 38 RP
73 10 146 DP
73 12 127 DP
74 12 35 DP
77 10 162 DP
77 14 116 DP
77 15 192 DP
78 14 173 DP
79 1 44 DP
80 10 135 DP
83 8 70 DP
85 3 97 DP
85 5 140 DP
88 4 124 DP
93 13 24 DP
101 2 182 DP
101 3 14 DP
102 11 135 RP
104 14 42 RP
106 0 126 DP
109 2 116 RP
111 6 72 DP
115 0 183 DP
123 2 34 RP
123 6 188 DP
127 9 143 DP
129 7 27 DP
132 0 61 DP
133 0 58 DP
133 1 181 DP
141 3 15 DP
141 6 190 DP
148 1 44 RP
153 12 53 RP
156 11 153 DP
157 2 163 DP
159 10 74 DP
160 7 121 DP
164 6 87 DP
165 2 36 RP
168 7 72 RP
168 9 76 DP
169 1 25 DP
171 7 123 RP
172 6 1 DP
173 14 95 DP
174 2 183 RP
177 8 41 DP
179 13 78 DP
180 4 33 DP
181 8 29 DP
182 4 108 DP
185 0 123 RP
186 14 28 DP
190 15 173 RP
191 10 152 DP
193 7 34 RP
197 9 2 DP
199 15 114 DP
200 10 69 DP
