1 12 8 DP
3 14 3 DP
4 0 151 DP
7 10 31 DP
8 3 96 DP
9 10 4 DP
9 12 75 DP
9 14 28 DP
12 11 52 DP
12 12 171 DP
15 8 108 DP
18 14 11 DP
25 0 151 RP
31 2 49 DP
32 4 152 DP
34 5 149 RP
34 6 7 DP
38 6 82 DP
40 15 9 DP
41 12 155 DP
43 0 140 DP
43 7 60 DP
45 8 50 DP
46 8 196 DP
50 1 117 DP
51 4 145 DP
53 1 61 DP
54 4 111 DP
54 8 45 DP
55 0 99 DP
55 4 116 DP
56 13 101 DP
60 2 124 DP
60 6 3 RP
63 10 106 DP
65 10 39 DP
68 3 96 RP
74 0 105 DP
74 15 7 RP
75 2 76 DP
77 3 107 DP
79 7 104 DP
80 11 68 DP
82 12 60 RP
85 5 193 DP
85 14 91 DP
90 12 7 RP
91 4 170 DP
92 2 84 DP
93 3 16 DP
93 5 150 DP
93 7 53 DP
94 14 133 DP
96 6 60 RP
103 6 175 DP
106 11 154 DP
107 8 54 DP
114 10 187 DP
115 8 69 DP
116 9 61 RP
119 9 149 DP
119 15 124 RP
123 8 90 DP
124 7 57 DP
124 8 183 DP
125 9 26 DP
127 11 38 DP
128 8 132 DP
128 14 189 DP
129 2 45 RP
129 11 179 DP
133 14 50 RP
139 3 131 DP
141 12 187 RP
147 3 34 DP
147 8 91 RP
155 4 178 DP
156 12 193 RP
157 15 62 DP
163 13 74 DP
171 15 184 DP
172 14 120 DP
173 3 60 RP
176 0 6 DP
176 4 186 DP
182 10 32 DP
184 15 32 RP
185 1 35 DP
185 4 65 DP
187 1 173 DP
187 10 132 RP
191 2 28 RP
193 12 115 DP
195 2 157 DP
195 14 165 DP
196 11 94 DP
197 4 197 DP
199 7 182 DP
200 12 65 RP
