6 5 12 DP
7 8 122 DP
9 10 127 DP
12 11 184 DP
13 9 170 DP
13 12 9 DP
15 1 195 DP
16 15 188 DP
18 1 122 RP
21 12 108 DP
21 14 27 DP
22 9 198 DP
24 6 139 DP
26 14 157 DP
29 4 54 DP
29 15 66 DP
31 5 154 DP
33 11 101 DP
33 12 107 DP
34 5 149 DP
35 14 192 DP
37 7 79 DP
40 14 189 DP
42 7 172 DP
43 13 27 RP
47 5 144 DP
47 6 32 DP
50 1 12 RP
53 4 75 DP
53 8 41 DP
55 11 165 DP
56 15 7 DP
57 4 145 DP
58 8 139 RP
59 4 154 RP
61 3 4 DP
61 8 55 DP
68 1 137 DP
69 12 51 DP
70 4 42 DP
74 0 144 RP
74 12 15 DP
76 9 116 DP
81 3 132 DP
81 5 45 DP
90 6 174 DP
91 5 196 DP
92 15 17 DP
93 2 88 DP
94 10 35 DP
94 15 40 BP
96 1 43 DP
97 3 116 RP
98 2 135 DP
99 13 85 DP
101 8 182 DP
105 4 110 DP
105 12 119 DP
108 13 37 DP
111 5 118 DP
112 4 112 DP
114 9 48 DP
118 8 185 DP
124 0 156 DP
125 4 46 DP
130 5 59 DP
130 15 155 DP
131 15 139 RP
132 10 15 RP
138 4 24 DP
140 3 167 DP
144 3 190 DP
145 1 179 DP
145 9 88 RP
151 1 130 DP
154 9 2 DP
156 1 93 DP
166 6 60 DP
168 8 126 DP
168 12 10 DP
169 12 199 DP
170 6 35 RP
170 10 40 BP
181 15 25 DP
182 1 145 RP
182 4 53 DP
184 5 7 RP
184 15 147 DP
186 8 51 RP
186 15 134 DP
187 14 120 DP
188 8 90 DP
189 7 27 RP
192 4 139 RP
196 6 4 RP
197 7 17 RP
198 2 20 DP
199 4 122 RP
