1 13 131 DP
2 3 105 DP
2 4 148 DP
3 0 64 DP
3 6 97 DP
5 7 127 DP
9 2 114 DP
11 10 29 DP
14 12 101 DP
20 1 180 DP
21 0 46 DP
25 15 18 DP
27 5 88 DP
29 13 148 RP
33 4 121 DP
34 5 135 DP
36 14 8 DP
39 8 105 RP
39 12 59 DP
41 12 179 DP
43 0 115 DP
43 3 26 DP
43 15 168 DP
48 7 130 DP
50 4 134 DP
53 6 35 DP
58 1 22 DP
58 11 16 DP
62 0 107 DP
63 8 49 DP
64 10 153 DP
64 14 7 DP
66 0 87 DP
67 2 26 RP
68 13 28 DP
68 15 65 RP
69 9 164 DP
76 5 114 RP
77 8 147 DP
77 15 177 DP
78 3 61 DP
80 3 119 DP
84 2 172 DP
85 6 106 DP
87 8 55 DP
88 3 139 DP
102 3 95 DP
104 7 17 DP
104 10 107 RP
105 15 70 DP
106 12 117 DP
109 7 23 DP
112 12 194 RP
115 6 134 RP
118 0 182 DP
125 0 58 DP
126 11 112 DP
127 7 60 DP
134 5 64 RP
134 15 145 DP
135 0 49 RP
137 1 86 DP
139 1 64 RP
140 2 80 DP
140 10 13 DP
141 6 166 DP
142 2 122 DP
143 0 3 DP
144 13 8 RP
146 2 184 DP
146 12 160 DP
148 4 13 RP
148 15 141 DP
149 7 35 RP
150 10 97 RP
158 9 74 DP
161 5 36 DP
162 8 96 DP
164 1 194 DP
164 13 65 RP
165 10 9 DP
168 8 54 DP
169 10 68 DP
169 13 180 RP
170 1 65 DP
170 14 114 RP
171 0 31 DP
171 11 162 DP
175 1 157 DP
184 3 29 RP
186 9 122 RP
189 13 125 DP
192 4 134 RP
193 3 38 DP
196 10 78 DP
197 2 138 DP
198 3 51 DP
200 2 185 DP
