2 5 107 DP
7 5 84 DP
9 15 10 DP
11 9 129 DP
12 4 106 DP
12 11 105 DP
13 15 6 DP
17 12 2 DP
18 15 196 DP
24 4 144 DP
27 5 127 DP
30 1 57 DP
30 3 127 RP
32 4 138 DP
35 3 91 DP
36 2 20 DP
39 11 192 DP
43 8 176 DP
44 9 97 DP
49 8 151 DP
50 3 161 DP
51 9 33 DP
51 15 92 DP
54 12 106 RP
55 5 2 RP
55 11 104 DP
59 5 195 DP
62 12 110 DP
70 9 97 RP
71 15 83 DP
73 9 164 DP
76 13 70 DP
77 14 41 DP
79 14 3 DP
80 13 109 DP
85 5 17 DP
87 10 47 DP
89 4 131 DP
89 10 70 RP
91 13 9 DP
91 14 148 DP
94 0 12 DP
96 0 126 DP
99 0 27 DP
99 5 32 DP
103 12 18 DP
105 1 80 DP
112 2 126 RP
113 5 135 DP
113 11 164 RP
115 8 195 RP
115 9 108 DP
116 6 114 DP
118 12 62 DP
122 3 4 DP
123 10 61 DP
124 6 138 RP
127 1 54 DP
130 6 116 DP
130 13 199 DP
136 3 46 DP
136 9 148 RP
143 6 12 RP
145 15 187 DP
146 4 6 RP
150 12 72 DP
154 14 109 RP
155 4 178 DP
156 6 111 DP
160 13 173 DP
161 0 69 DP
161 3 162 DP
164 5 107 RP
168 12 69 RP
169 0 155 DP
169 2 157 DP
170 9 107 RP
173 3 161 RP
173 7 86 DP
173 13 182 BP
175 4 30 DP
176 6 125 DP
177 6 168 DP
177 8 124 DP
178 0 31 DP
178 3 4 RP
184 4 196 RP
184 12 99 DP
185 0 125 RP
185 2 136 DP
185 7 122 BP
185 11 66 BP
187 4 52 DP
189 1 118 DP
190 0 148 RP
190 3 34 DP
198 1 158 DP
198 2 123 DP
199 15 147 DP
