5 2 98 DP
9 11 187 DP
14 3 161 DP
16 1 26 DP
17 8 120 DP
21 12 25 DP
22 5 198 DP
23 0 75 DP
24 15 29 DP
25 9 170 DP
29 9 169 DP
35 3 164 DP
39 14 8 DP
40 7 8 RP
45 7 122 DP
46 4 173 DP
47 14 146 DP
50 2 95 DP
50 13 164 RP
50 15 39 BP
52 13 56 DP
52 15 112 DP
59 5 143 DP
59 8 146 RP
63 3 119 DP
63 10 38 DP
64 14 104 DP
65 7 88 DP
68 2 112 RP
73 8 67 DP
75 12 15 DP
78 2 182 DP
86 7 135 DP
86 9 54 DP
91 3 78 DP
91 9 81 DP
93 11 148 DP
94 3 175 DP
94 12 149 DP
94 14 155 DP
96 15 162 DP
97 15 24 DP
102 15 138 DP
104 6 80 DP
109 12 178 DP
112 15 44 DP
113 5 115 DP
113 6 195 DP
114 9 56 RP
115 3 134 DP
116 1 8 RP
116 2 76 DP
117 7 5 DP
118 7 87 DP
118 14 22 DP
123 15 152 DP
124 6 77 DP
125 0 141 DP
126 2 183 DP
126 6 23 DP
126 9 46 DP
127 15 147 DP
131 7 102 DP
131 10 1 DP
131 15 90 DP
132 10 193 DP
135 8 162 RP
137 1 193 RP
138 10 104 RP
139 14 98 RP
140 12 57 DP
144 8 196 DP
144 15 19 DP
146 8 108 DP
146 9 177 DP
150 0 107 DP
150 14 10 DP
151 1 40 DP
151 3 165 BP
151 14 134 RP
152 14 93 DP
158 15 94 DP
165 11 27 DP
167 10 59 DP
170 4 164 RP
177 14 148 RP
178 9 25 RP
179 0 50 DP
180 5 28 DP
184 14 79 DP
186 13 58 DP
188 2 86 DP
190 4 104 RP
194 9 7 DP
194 10 123 DP
196 4 189 DP
196 8 49 DP
