2 2 30 DP
2 5 132 DP
2 10 137 DP
3 14 33 DP
4 12 25 DP
6 9 169 DP
6 14 152 DP
9 11 135 DP
11 8 92 DP
14 11 148 DP
15 5 1 DP
16 11 29 DP
16 14 174 DP
17 0 126 DP
20 11 56 DP
21 15 106 DP
22 10 36 DP
24 3 27 DP
24 5 197 DP
26 13 35 DP
28 6 94 DP
29 6 95 DP
29 7 51 DP
31 0 83 DP
33 2 56 RP
38 11 27 RP
39 3 69 DP
40 6 143 DP
40 12 101 DP
42 0 109 DP
43 9 180 DP
44 5 101 RP
48 0 184 DP
49 2 93 DP
49 14 195 DP
52 14 61 DP
52 15 117 DP
55 14 93 RP
57 5 53 DP
58 1 198 DP
59 15 74 DP
62 7 72 DP
68 14 90 DP
73 3 150 DP
76 0 3 DP
79 11 53 RP
83 13 169 RP
84 5 83 RP
86 7 52 DP
92 7 191 DP
93 14 152 RP
98 5 77 DP
100 10 120 DP
103 5 113 DP
103 13 52 RP
106 14 191 RP
113 1 103 DP
119 11 130 RP
121 1 56 RP
124 5 136 DP
124 11 152 RP
126 5 151 DP
129 13 157 DP
133 3 42 DP
134 7 174 RP
137 2 187 DP
142 2 194 DP
144 11 77 RP
144 12 88 DP
149 6 100 DP
155 6 163 DP
155 8 131 DP
156 9 170 DP
157 4 60 DP
160 3 66 DP
163 7 132 RP
165 12 71 DP
166 8 146 DP
166 9 124 DP
167 7 179 DP
172 12 88 RP
174 0 167 DP
174 14 56 RP
176 4 109 RP
177 13 91 DP
177 15 121 DP
182 4 172 DP
184 2 25 RP
184 5 130 DP
184 9 15 BP
187 5 34 DP
188 15 104 DP
190 4 172 RP
190 12 17 DP
194 2 132 RP
195 13 183 DP
197 6 151 RP
200 5 44 DP
