1 9 83 DP
2 5 44 DP
3 8 95 DP
4 6 42 DP
6 1 118 DP
9 4 163 DP
10 15 10 DP
11 4 151 DP
14 6 136 DP
17 10 115 DP
19 6 3 DP
19 13 134 DP
20 3 135 DP
20 15 117 DP
21 4 56 DP
21 5 189 DP
21 6 198 DP
27 3 142 DP
28 6 2 DP
30 9 156 DP
34 0 39 DP
35 5 84 DP
40 15 191 DP
42 14 4 DP
44 3 38 DP
49 9 2 RP
53 13 178 DP
54 12 190 DP
56 11 186 DP
56 14 172 DP
57 10 29 DP
58 1 18 DP
60 15 70 DP
65 10 179 DP
67 2 86 DP
68 14 163 RP
69 9 153 DP
72 13 164 DP
73 10 101 DP
73 11 132 DP
74 0 48 DP
74 7 177 DP
76 10 100 DP
81 6 120 DP
83 3 34 DP
84 5 172 RP
85 6 138 DP
91 2 82 DP
91 12 144 DP
92 2 22 DP
92 6 63 DP
92 8 150 DP
94 1 165 DP
94 3 136 RP
97 14 131 DP
98 5 80 DP
100 9 99 DP
103 4 29 RP
105 4 109 DP
105 9 131 RP
112 8 156 RP
112 10 1 DP
116 2 127 DP
119 5 148 DP
122 8 78 DP
130 8 125 DP
131 2 21 DP
133 7 169 DP
138 11 119 DP
139 1 160 DP
139 15 81 DP
147 2 157 DP
149 1 91 DP
153 9 101 RP
155 7 58 DP
157 1 126 DP
161 14 60 DP
162 0 143 DP
162 13 185 DP
163 10 8 DP
163 15 34 RP
165 6 7 DP
165 15 193 DP
166 4 93 DP
166 11 112 DP
175 14 71 DP
176 15 2 RP
179 6 13 DP
182 1 42 RP
189 8 119 RP
190 3 50 DP
193 1 42 RP
194 10 122 DP
195 14 167 DP
196 5 166 DP
197 4 69 DP
197 12 40 DP
200 6 4 RP
200 10 20 DP
200 14 30 BP
