4 8 146 DP
5 10 79 DP
7 6 151 DP
14 11 121 DP
16 9 49 DP
20 6 44 DP
25 12 41 DP
28 9 123 DP
29 0 200 DP
34 13 14 DP
34 15 151 RP
35 10 32 DP
36 15 50 DP
37 10 109 DP
37 15 130 DP
41 11 138 DP
42 5 70 DP
42 13 189 DP
44 7 105 DP
45 3 109 RP
49 6 177 DP
51 1 63 DP
51 11 39 DP
53 9 197 DP
54 4 31 DP
54 12 139 DP
60 0 180 DP
63 5 54 DP
66 2 98 DP
67 0 199 DP
69 0 64 DP
70 9 183 DP
76 4 51 DP
78 12 93 DP
79 2 62 DP
83 2 172 DP
83 9 80 DP
86 6 155 DP
86 11 140 DP
87 1 197 RP
89 9 46 DP
92 12 129 DP
94 1 8 DP
95 12 98 RP
101 0 117 DP
101 11 83 DP
104 4 140 RP
104 7 127 DP
106 6 64 RP
106 9 94 DP
107 3 79 RP
111 3 130 RP
112 10 124 DP
112 15 95 DP
113 6 197 RP
115 0 58 DP
117 0 176 DP
117 3 33 DP
118 6 19 DP
118 10 63 RP
120 6 11 DP
121 6 162 DP
122 7 183 RP
123 7 152 DP
125 9 133 DP
130 5 111 DP
131 3 34 DP
131 8 105 RP
132 13 145 DP
132 14 174 DP
141 1 133 RP
142 11 188 DP
143 1 132 DP
147 2 98 RP
148 7 89 DP
148 13 6 DP
153 3 195 DP
154 0 26 DP
158 9 131 DP
158 11 158 DP
159 11 111 RP
160 2 178 DP
160 12 26 RP
162 12 31 RP
166 0 59 DP
169 15 9 DP
170 3 32 RP
172 1 83 RP
173 15 146 RP
176 6 16 DP
179 10 88 DP
180 12 126 DP
181 11 186 DP
183 3 131 RP
184 3 93 RP
193 0 61 DP
194 1 165 DP
195 13 134 DP
200 3 64 RP
