4 9 113 DP
4 14 16 DP
12 2 105 DP
12 4 129 DP
13 7 83 DP
15 13 87 DP
16 8 49 DP
17 12 74 DP
18 1 181 RP
23 4 19 DP
24 13 41 DP
25 3 16 RP
25 14 181 DP
26 14 5 DP
31 8 82 DP
33 7 83 RP
33 12 165 DP
36 15 185 DP
38 8 167 DP
39 12 87 RP
43 11 193 DP
46 0 146 DP
50 4 163 DP
54 1 113 RP
55 1 40 DP
55 8 59 DP
59 0 148 DP
60 10 71 DP
61 10 159 DP
62 1 38 DP
62 7 80 DP
63 0 137 DP
68 4 169 DP
68 9 23 DP
69 15 144 DP
72 2 163 RP
73 5 161 DP
74 8 134 DP
74 15 3 DP
80 5 6 DP
82 5 156 DP
84 0 196 DP
84 2 134 RP
85 7 170 DP
86 5 158 DP
87 11 195 DP
90 4 147 DP
90 6 105 RP
90 11 52 BP
99 8 189 DP
99 14 111 BP
99 15 5 RP
100 10 45 DP
100 15 29 DP
103 7 177 DP
104 10 68 DP
105 5 115 DP
107 14 198 DP
109 15 57 DP
111 3 48 DP
113 12 4 DP
119 8 98 DP
119 10 99 DP
122 14 84 DP
124 2 1 DP
124 5 40 RP
125 10 64 DP
125 11 194 DP
128 4 162 DP
133 4 85 DP
134 3 67 DP
136 5 164 DP
136 10 15 DP
138 6 103 DP
141 2 173 DP
151 7 131 DP
153 6 137 RP
154 10 195 RP
157 10 134 RP
162 8 34 DP
164 12 184 DP
167 7 185 RP
172 2 21 DP
174 8 151 DP
176 10 170 RP
178 10 135 DP
179 5 169 RP
179 7 183 DP
179 12 153 BP
182 15 179 DP
187 8 114 DP
190 9 145 DP
191 2 71 RP
192 10 108 DP
193 2 116 DP
193 4 158 RP
194 9 3 RP
195 2 23 RP
195 7 28 DP
198 14 119 DP
