1 14 8 DP
7 4 100 DP
7 15 60 DP
9 1 185 DP
9 8 141 DP
10 6 192 DP
10 14 80 DP
11 5 99 DP
13 12 8 RP
15 3 9 DP
18 6 74 DP
22 6 133 DP
26 4 89 DP
30 3 102 DP
30 12 149 DP
31 8 131 DP
34 9 108 DP
36 8 88 DP
37 5 15 DP
37 13 104 DP
38 0 183 DP
39 10 100 RP
42 8 143 DP
45 0 119 DP
54 0 161 DP
56 6 79 DP
59 7 172 DP
60 12 184 DP
64 1 157 DP
64 7 31 DP
66 0 135 DP
67 15 182 DP
69 3 7 DP
70 1 101 DP
70 12 5 DP
73 2 78 DP
73 8 66 DP
74 9 30 DP
74 14 49 DP
75 3 140 DP
75 15 21 DP
76 15 183 RP
77 15 180 DP
80 15 107 DP
81 3 92 DP
82 9 174 DP
84 7 62 DP
86 7 17 DP
88 0 94 DP
92 8 147 DP
94 4 70 DP
100 5 6 DP
100 6 36 RP
100 14 45 BP
104 5 180 RP
104 14 86 DP
108 3 122 DP
109 1 167 DP
113 0 78 RP
115 0 58 DP
116 8 113 DP
120 13 12 DP
121 2 187 DP
122 5 180 RP
123 2 121 DP
123 6 65 DP
125 12 129 DP
127 1 43 DP
128 0 164 DP
130 6 5 RP
138 5 183 RP
144 3 16 DP
145 3 147 RP
145 4 198 DP
147 13 97 DP
150 8 154 DP
154 7 36 DP
154 8 192 RP
157 8 85 DP
157 10 31 RP
158 0 163 DP
158 5 111 BP
158 10 88 RP
159 6 192 RP
162 3 56 DP
164 0 115 DP
165 10 200 DP
175 11 74 RP
177 15 145 DP
178 5 1 DP
180 13 116 DP
183 5 37 DP
184 12 179 DP
185 4 134 DP
190 2 196 DP
191 6 154 RP
193 6 45 RP
193 7 112 DP
199 9 100 RP
