1 9 1 DP
6 3 128 DP
6 15 87 DP
8 11 48 DP
10 7 87 RP
15 7 116 DP
16 6 14 DP
16 11 177 DP
17 6 19 DP
17 7 179 DP
19 1 73 DP
19 12 102 DP
24 6 159 DP
27 13 93 DP
28 1 10 DP
28 6 28 DP
30 15 35 DP
34 9 95 DP
36 12 46 DP
38 0 145 DP
38 1 105 DP
38 5 143 DP
40 12 108 DP
41 15 37 DP
42 13 9 DP
43 4 183 DP
44 4 97 DP
45 8 162 DP
46 6 157 DP
48 15 131 RP
50 0 81 DP
54 6 45 DP
55 2 166 DP
59 10 90 DP
62 15 118 RP
64 2 162 RP
66 6 82 DP
67 6 23 DP
72 12 72 DP
74 0 105 RP
74 4 131 DP
74 13 119 BP
75 13 30 DP
77 6 181 DP
78 5 119 RP
79 2 137 DP
80 4 25 DP
81 10 109 DP
85 4 192 DP
85 8 89 DP
87 8 91 DP
89 3 26 DP
90 0 162 RP
92 7 142 DP
99 9 171 DP
101 2 116 RP
101 15 129 DP
104 4 60 DP
106 6 176 DP
110 14 38 DP
111 10 198 RP
113 5 61 DP
115 13 37 RP
117 6 96 DP
120 6 99 DP
123 4 189 DP
123 11 113 DP
124 10 172 DP
129 4 170 DP
132 2 88 RP
136 4 132 DP
137 5 56 DP
138 12 115 DP
140 10 122 DP
141 7 148 DP
148 7 66 DP
152 1 90 RP
153 1 19 RP
154 0 90 RP
154 11 120 DP
160 8 73 RP
160 11 88 DP
163 4 30 RP
164 5 143 RP
164 9 118 DP
169 0 151 DP
169 11 99 RP
170 1 161 DP
173 9 159 RP
174 10 173 DP
176 8 7 DP
177 11 176 RP
180 0 160 DP
182 8 140 DP
184 12 141 DP
185 11 198 DP
185 14 93 RP
186 13 96 RP
187 7 185 DP
195 8 83 DP
