1 0 113 DP
7 1 131 DP
9 11 187 DP
9 15 198 DP
10 12 65 DP
10 13 14 DP
11 12 91 DP
14 10 23 DP
14 11 111 DP
17 6 124 DP
17 14 140 DP
19 14 147 DP
20 2 29 DP
23 15 25 DP
26 0 65 RP
28 0 8 DP
28 3 68 DP
31 12 30 DP
32 10 62 DP
35 7 109 DP
36 10 56 DP
39 14 6 DP
40 8 64 DP
42 8 100 DP
42 12 99 DP
44 1 193 DP
45 6 136 DP
46 9 89 DP
50 9 124 RP
51 0 177 DP
51 15 42 DP
54 14 65 RP
57 3 156 DP
59 5 193 RP
59 6 63 DP
64 6 125 DP
68 8 137 DP
70 8 95 DP
72 10 170 DP
73 1 116 DP
73 14 59 DP
76 10 101 DP
86 8 68 RP
91 2 75 DP
91 4 109 RP
91 6 10 BP
95 1 137 RP
100 3 60 DP
100 7 37 DP
102 11 144 DP
103 14 95 RP
105 2 171 DP
105 13 141 DP
106 10 128 DP
110 13 193 RP
111 5 93 DP
112 13 144 RP
116 5 67 DP
116 15 130 DP
117 3 36 DP
117 6 24 DP
117 15 186 DP
120 5 107 DP
120 15 7 DP
121 7 123 DP
122 6 110 DP
124 9 96 DP
133 14 16 DP
134 1 156 RP
138 4 145 DP
138 9 125 RP
144 10 93 RP
145 8 154 DP
147 13 145 RP
151 2 53 RP
154 0 160 DP
156 9 66 DP
157 5 179 DP
158 1 10 RP
161 8 32 DP
161 11 156 RP
164 4 55 DP
164 5 186 RP
164 7 53 BP
170 3 151 DP
172 7 45 DP
174 8 78 DP
177 14 10 RP
178 3 81 DP
181 5 170 RP
182 5 70 DP
185 6 109 RP
186 15 118 DP
187 10 34 DP
190 5 196 DP
193 5 16 RP
193 8 122 DP
197 1 82 DP
198 9 141 RP
200 9 107 RP
