1 0 27 DP
1 1 36 DP
1 13 84 DP
2 13 21 DP
3 8 27 RP
4 11 15 DP
11 10 69 DP
11 15 114 DP
15 11 25 DP
20 14 57 DP
20 15 153 DP
21 7 189 DP
24 8 61 DP
27 7 7 DP
29 14 130 DP
30 3 190 DP
31 13 37 DP
33 0 68 DP
34 8 35 DP
37 4 88 DP
40 5 60 DP
41 6 86 DP
47 0 167 DP
49 5 60 RP
52 9 64 DP
52 10 152 DP
53 1 157 DP
62 2 65 DP
62 14 4 DP
63 5 91 DP
64 5 29 DP
66 7 11 DP
68 6 118 DP
69 5 74 DP
70 7 82 DP
73 10 41 DP
77 3 147 RP
78 10 188 RP
80 15 56 DP
81 5 124 DP
84 4 83 DP
91 0 84 RP
91 5 94 DP
94 14 58 DP
95 15 88 RP
97 4 105 DP
97 8 177 DP
98 8 113 DP
101 6 179 DP
101 13 190 RP
102 0 98 DP
102 5 167 RP
105 3 64 RP
109 13 114 RP
111 7 184 DP
112 13 16 DP
114 11 46 DP
115 4 166 DP
117 8 46 RP
117 11 85 DP
118 3 151 DP
120 6 24 DP
121 6 32 DP
122 14 45 DP
127 3 27 RP
132 1 4 RP
132 9 147 DP
136 5 27 RP
136 14 193 DP
144 12 15 RP
147 7 108 DP
148 3 86 RP
150 14 150 DP
151 10 20 DP
152 1 70 DP
153 4 125 DP
154 7 103 DP
156 8 151 RP
157 6 2 DP
158 15 59 DP
162 10 113 RP
166 7 48 DP
172 15 58 RP
173 2 95 DP
173 3 19 DP
174 13 5 DP
175 4 84 RP
175 10 188 DP
180 8 131 DP
183 5 162 DP
185 9 28 DP
186 4 179 RP
188 8 31 DP
192 14 72 DP
194 13 70 RP
194 15 135 DP
197 0 72 RP
197 4 194 DP
200 3 2 RP
