2 7 14 DP
5 14 90 DP
8 5 178 DP
9 5 24 DP
10 8 193 DP
10 13 7 DP
12 12 45 DP
14 6 185 DP
15 11 142 DP
19 11 98 DP
21 8 22 DP
26 3 58 DP
27 9 191 DP
29 3 127 DP
29 10 131 DP
34 14 199 DP
35 12 14 RP
38 5 16 DP
39 8 55 RP
39 14 57 DP
40 6 135 RP
41 8 97 DP
44 0 31 DP
44 10 137 DP
44 15 196 DP
45 4 125 DP
45 5 166 DP
45 9 169 DP
46 11 26 DP
46 12 175 DP
47 9 191 RP
50 5 55 DP
50 11 90 RP
52 12 55 RP
53 2 86 DP
59 4 75 DP
60 8 64 DP
61 0 137 RP
63 8 168 DP
64 12 11 DP
65 13 92 DP
70 12 145 DP
72 2 68 DP
72 5 148 DP
74 15 107 DP
77 7 161 DP
78 8 160 DP
80 7 130 DP
82 12 129 DP
82 15 73 DP
84 15 6 DP
85 11 19 DP
86 9 45 RP
90 5 118 DP
94 8 41 DP
95 5 54 DP
100 1 172 DP
100 6 192 BP
100 10 97 RP
101 1 97 RP
101 6 171 DP
104 3 87 DP
110 4 152 DP
113 11 200 DP
114 9 180 DP
116 3 36 DP
119 14 111 DP
121 5 29 DP
123 4 9 DP
123 12 44 DP
125 11 182 DP
130 2 133 DP
130 12 153 DP
135 12 4 DP
136 5 74 DP
139 13 173 DP
143 1 155 DP
144 13 47 DP
145 3 112 RP
147 9 53 DP
151 3 37 DP
152 9 127 RP
154 9 103 DP
154 11 141 DP
159 6 68 RP
162 5 98 RP
162 7 158 DP
166 9 112 DP
166 14 4 RP
167 8 108 DP
169 11 168 RP
171 4 16 RP
171 14 135 DP
175 13 77 DP
176 8 141 RP
177 15 199 RP
182 14 35 DP
185 15 156 DP
186 4 135 RP
200 1 24 RP
