1 0 33 DP
6 14 1 DP
17 12 100 DP
19 10 113 DP
20 13 71 DP
27 15 85 DP
29 6 166 DP
29 10 32 DP
30 9 96 DP
31 11 162 DP
34 12 145 DP
36 3 160 DP
36 15 70 DP
37 0 173 DP
40 2 84 DP
41 1 36 DP
44 11 10 DP
45 5 139 DP
48 11 179 DP
49 8 153 DP
49 15 180 DP
50 2 23 DP
50 6 103 DP
51 6 47 DP
52 15 159 DP
55 2 21 DP
55 5 113 RP
56 1 114 DP
56 2 79 BP
56 12 159 RP
56 14 177 BP
61 10 93 DP
62 10 146 DP
70 5 90 DP
74 15 43 DP
75 9 164 DP
78 6 72 DP
78 12 114 RP
79 9 124 DP
82 13 17 DP
83 1 9 DP
83 7 155 DP
84 11 37 DP
85 6 43 RP
92 11 17 RP
93 15 76 DP
94 12 77 DP
97 14 158 RP
104 7 37 RP
105 2 44 DP
106 4 34 DP
107 14 128 DP
108 1 190 DP
110 1 132 DP
112 13 91 DP
119 7 148 DP
120 8 59 DP
121 0 178 DP
124 12 92 DP
124 14 119 DP
132 1 200 DP
132 7 136 RP
135 2 200 RP
136 15 125 DP
138 3 136 DP
138 9 43 RP
139 5 158 RP
146 13 147 RP
147 12 23 RP
149 15 59 RP
150 12 157 DP
152 4 44 RP
154 13 96 RP
155 6 139 RP
157 14 135 DP
162 13 144 DP
163 8 51 DP
164 1 114 RP
164 7 163 DP
173 4 37 RP
174 7 26 DP
176 5 147 RP
177 10 64 DP
179 0 23 RP
179 9 182 DP
181 15 131 DP
184 0 124 RP
184 15 158 DP
185 7 48 DP
186 5 163 RP
191 3 77 RP
191 11 183 DP
191 15 147 BP
192 13 66 DP
193 0 3 DP
198 7 104 DP
198 12 67 DP
199 0 125 RP
200 10 100 RP
