3 4 145 DP
4 10 105 DP
6 13 122 DP
8 7 112 DP
10 3 174 DP
11 9 64 DP
14 9 40 DP
14 14 17 DP
15 4 142 DP
15 14 58 DP
16 9 48 DP
17 0 24 DP
18 14 145 RP
18 15 53 DP
23 4 15 DP
24 2 142 RP
27 2 47 DP
32 11 96 DP
33 3 22 DP
34 12 163 DP
35 3 94 DP
38 15 158 DP
41 15 136 DP
45 2 132 DP
48 9 193 DP
50 8 58 RP
54 9 152 DP
54 13 66 DP
55 13 35 DP
56 1 20 DP
57 13 73 DP
59 12 191 DP
61 15 196 DP
63 11 104 DP
65 11 165 DP
71 15 29 DP
72 6 184 DP
73 12 142 RP
74 2 85 DP
75 8 83 DP
75 9 50 BP
75 12 152 RP
77 7 197 DP
78 3 145 RP
79 11 104 RP
83 9 89 DP
90 3 108 DP
95 3 196 RP
95 6 151 DP
97 9 109 DP
97 12 70 DP
101 12 90 DP
106 10 200 DP
108 9 94 RP
112 4 135 DP
113 15 146 DP
120 6 154 DP
126 7 2 DP
127 9 9 DP
128 3 73 RP
128 10 54 DP
131 0 30 DP
131 2 182 DP
133 12 80 DP
136 7 18 DP
138 14 71 DP
141 12 108 RP
142 15 13 DP
143 0 66 RP
144 0 35 RP
146 4 77 DP
146 15 35 RP
147 6 58 RP
151 9 64 RP
152 13 168 DP
153 13 123 DP
154 2 177 DP
154 13 72 DP
155 11 90 RP
156 2 182 RP
157 10 138 DP
159 5 57 DP
164 7 184 RP
165 14 48 RP
167 6 156 DP
174 8 5 DP
175 6 186 DP
176 3 151 RP
176 5 33 DP
178 11 46 DP
181 2 186 RP
183 3 114 DP
184 9 150 DP
185 1 181 DP
186 6 2 RP
194 12 178 DP
195 1 75 DP
195 10 180 DP
198 5 175 DP
