2 1 191 DP
7 7 76 DP
12 3 180 DP
12 4 85 DP
12 6 140 DP
13 11 40 DP
16 7 137 DP
20 12 125 DP
21 15 124 DP
22 12 17 DP
23 11 159 DP
23 13 192 DP
24 7 20 DP
28 13 83 DP
29 12 140 RP
29 13 58 DP
31 12 19 DP
32 6 17 RP
33 9 59 DP
33 15 90 DP
34 8 93 DP
35 7 34 DP
36 10 178 DP
37 8 84 DP
40 6 3 DP
40 7 28 DP
43 2 62 DP
47 12 195 DP
47 14 41 DP
47 15 158 DP
48 4 29 DP
48 14 193 BP
56 1 191 RP
63 0 76 RP
66 4 40 RP
72 7 108 DP
73 1 162 DP
75 9 197 DP
77 0 175 DP
77 2 102 DP
80 9 126 DP
88 7 39 DP
95 13 38 DP
97 0 130 DP
100 12 38 RP
101 3 142 DP
102 9 116 DP
103 8 169 DP
104 5 144 DP
104 6 96 BP
104 11 158 RP
105 7 73 DP
108 0 161 DP
108 7 110 DP
110 15 11 DP
112 13 124 RP
116 4 120 DP
116 15 181 DP
117 2 136 DP
121 2 150 DP
121 10 48 DP
123 0 195 RP
125 12 142 RP
126 8 124 RP
129 6 64 DP
130 4 173 DP
132 10 27 DP
133 12 17 RP
134 4 26 DP
134 7 8 DP
136 2 118 DP
136 11 73 RP
137 7 198 DP
141 7 36 DP
148 7 52 DP
150 6 70 DP
151 3 151 DP
155 1 165 DP
159 9 155 DP
162 13 72 DP
163 1 82 DP
163 15 87 DP
165 14 138 DP
167 6 189 DP
168 11 189 RP
176 4 111 DP
179 3 24 DP
180 7 30 DP
181 10 96 RP
184 3 99 DP
184 7 15 DP
185 1 57 DP
185 7 148 BP
185 12 84 RP
185 15 171 BP
193 11 188 DP
195 0 188 RP
196 9 192 RP
