2 2 52 DP
3 2 51 DP
3 9 92 DP
6 0 91 DP
7 15 45 DP
15 0 45 RP
15 11 19 DP
16 13 64 DP
18 10 58 DP
19 12 170 DP
19 14 156 DP
19 15 54 DP
20 3 193 DP
21 6 156 RP
21 8 33 DP
21 10 8 BP
25 11 73 DP
27 0 83 DP
27 2 123 DP
30 7 77 DP
31 5 95 DP
38 9 1 DP
39 5 175 DP
41 14 48 DP
43 15 144 DP
45 6 6 DP
48 1 37 DP
48 3 83 RP
48 5 101 BP
51 14 195 DP
52 0 124 DP
53 6 164 DP
59 2 89 DP
61 14 101 RP
62 6 148 DP
63 1 109 DP
63 2 31 DP
72 15 126 DP
73 13 98 DP
73 14 180 DP
74 1 188 DP
74 11 61 DP
76 13 119 DP
78 7 71 DP
81 0 163 DP
81 6 132 DP
82 8 105 DP
86 9 115 DP
88 4 18 DP
89 14 183 DP
92 1 105 RP
92 6 4 DP
96 1 2 DP
97 9 161 DP
99 4 91 RP
103 14 84 DP
106 13 53 DP
111 0 52 RP
111 1 111 DP
111 13 32 BP
111 14 14 BP
113 0 155 DP
113 5 76 DP
113 13 36 DP
114 15 93 DP
116 6 32 RP
121 15 195 RP
127 15 78 DP
131 15 117 DP
134 0 162 DP
134 3 33 RP
135 12 86 DP
136 8 8 RP
137 6 164 RP
137 13 137 DP
140 6 195 RP
145 6 97 DP
149 8 17 DP
154 10 20 DP
154 12 7 DP
155 15 54 RP
156 8 26 DP
156 11 127 DP
157 13 18 RP
160 10 21 DP
163 4 192 DP
170 10 39 DP
183 7 127 RP
184 10 19 RP
188 7 13 DP
190 0 83 RP
191 7 38 DP
191 12 24 DP
192 0 173 DP
192 7 110 BP
192 13 97 RP
195 0 143 DP
196 8 165 DP
198 2 52 RP
