1 7 76 DP
3 1 192 DP
7 6 15 DP
9 9 72 DP
9 15 33 DP
13 5 57 DP
14 6 100 DP
16 1 94 DP
18 3 15 RP
22 12 39 DP
24 12 84 DP
25 7 146 DP
26 9 71 DP
28 2 86 DP
30 3 104 DP
35 12 173 DP
36 7 16 DP
36 9 150 DP
38 1 69 DP
38 12 156 DP
41 1 196 DP
41 2 187 DP
41 14 114 DP
46 6 4 DP
47 4 94 RP
47 9 171 DP
48 1 94 RP
50 14 43 DP
53 3 84 RP
54 0 13 DP
55 7 126 DP
60 11 60 DP
60 14 35 DP
62 14 135 DP
64 5 64 DP
66 14 69 RP
67 12 18 DP
69 13 152 DP
73 15 15 RP
81 9 37 DP
87 3 184 DP
91 1 129 DP
94 11 158 DP
95 9 104 RP
99 6 139 DP
99 13 184 RP
101 15 106 DP
102 9 160 DP
103 6 110 DP
104 13 69 RP
109 4 120 DP
109 6 137 DP
109 10 191 DP
112 15 132 DP
113 5 158 RP
114 0 43 RP
117 9 82 DP
121 2 75 DP
122 4 120 RP
126 3 159 DP
127 3 159 RP
128 1 113 DP
129 2 112 DP
129 9 110 RP
129 14 21 BP
130 13 16 RP
131 5 81 DP
132 4 9 DP
132 7 3 DP
142 4 179 DP
144 2 121 DP
144 15 125 DP
145 1 102 DP
146 12 104 RP
150 14 67 DP
152 6 85 DP
154 6 195 DP
156 10 194 DP
157 9 62 DP
157 13 128 BP
162 13 98 DP
164 15 121 RP
165 10 160 RP
167 5 193 DP
169 10 23 DP
170 7 114 RP
174 11 64 RP
174 13 79 DP
182 7 173 RP
184 10 106 RP
188 11 178 DP
190 3 37 RP
190 12 168 DP
191 2 41 DP
191 3 140 DP
194 13 102 RP
196 11 151 DP
199 12 159 RP
