1 5 178 DP
3 7 80 DP
3 15 51 DP
4 7 43 DP
5 13 36 DP
6 15 116 DP
7 3 3 DP
8 9 63 DP
17 8 10 DP
18 7 48 DP
19 8 120 DP
22 13 74 DP
24 6 163 DP
29 2 24 DP
29 11 86 DP
30 15 133 DP
33 7 93 DP
33 10 109 DP
34 10 175 DP
38 5 57 DP
39 13 107 DP
41 4 71 DP
41 14 103 DP
43 11 142 DP
45 1 176 DP
46 10 172 DP
49 4 7 DP
51 12 106 DP
52 15 20 DP
54 12 9 DP
56 2 124 DP
57 3 118 DP
60 7 17 DP
61 10 109 RP
62 13 47 DP
63 3 102 DP
64 11 97 DP
65 15 136 DP
68 15 60 DP
75 7 126 DP
75 8 82 DP
76 12 34 DP
77 9 28 DP
78 10 116 RP
80 3 59 DP
80 4 2 DP
80 10 193 DP
84 2 175 RP
89 14 129 DP
94 2 19 DP
94 4 6 DP
95 7 159 DP
95 14 103 RP
97 11 142 RP
98 3 178 RP
103 3 166 DP
106 14 149 DP
110 0 110 DP
110 10 75 DP
112 1 121 DP
112 7 85 DP
113 14 94 DP
116 1 18 DP
122 4 135 DP
122 12 179 DP
123 11 10 RP
123 12 44 DP
125 5 14 DP
128 15 88 DP
134 0 62 DP
142 3 96 DP
142 13 181 DP
145 7 174 DP
145 13 114 DP
146 0 154 DP
150 12 75 RP
151 2 110 RP
151 8 182 DP
152 3 72 DP
152 15 166 RP
158 7 149 RP
159 9 10 RP
161 15 27 DP
167 1 189 DP
167 6 100 DP
168 4 44 RP
177 14 196 DP
178 5 200 DP
181 1 88 RP
181 4 91 DP
183 4 191 DP
184 11 198 DP
185 10 68 DP
189 14 21 DP
191 5 9 RP
192 2 129 RP
192 11 56 DP
196 4 153 DP
199 12 30 DP
200 13 90 DP
