1 9 107 DP
2 2 22 DP
2 15 109 DP
5 3 153 DP
5 4 183 DP
6 13 196 DP
10 0 45 DP
15 12 62 DP
16 10 90 DP
18 15 58 DP
21 8 114 DP
22 1 77 DP
22 14 121 DP
25 5 158 DP
28 8 10 DP
29 11 13 DP
31 6 163 DP
33 4 81 DP
34 1 172 DP
34 3 99 DP
34 7 186 DP
35 5 135 DP
35 6 145 DP
41 12 30 DP
44 0 1 DP
44 5 163 RP
45 6 183 RP
50 4 190 DP
51 3 66 DP
51 6 168 DP
52 3 3 DP
57 11 137 DP
58 0 179 DP
58 7 174 DP
61 12 7 DP
61 14 89 DP
63 11 68 DP
64 10 85 DP
66 8 151 DP
69 1 13 RP
73 15 171 DP
74 10 23 DP
76 14 143 DP
76 15 149 DP
77 14 176 DP
79 13 11 DP
80 9 105 DP
86 10 117 DP
87 15 163 RP
92 3 148 DP
93 8 88 DP
94 5 47 DP
97 8 107 RP
99 5 183 RP
101 15 199 DP
105 12 72 DP
106 1 68 RP
107 3 165 DP
107 12 96 DP
108 0 38 DP
112 0 81 RP
113 13 90 RP
114 0 104 DP
115 15 144 DP
116 10 34 DP
116 13 37 DP
117 0 131 DP
117 5 80 DP
118 12 79 DP
119 10 41 DP
126 4 90 RP
136 10 118 DP
137 2 72 RP
140 4 152 DP
144 3 182 DP
144 7 191 DP
144 12 9 DP
146 7 37 RP
149 5 166 DP
149 14 28 DP
150 3 180 DP
152 5 6 DP
153 1 87 DP
154 8 160 DP
155 8 153 RP
162 7 199 RP
168 3 200 DP
172 1 16 DP
175 3 85 RP
178 6 196 RP
179 8 22 RP
180 11 26 DP
182 2 17 DP
184 7 66 RP
187 11 135 RP
193 3 81 RP
196 2 123 DP
