6 11 185 DP
12 8 89 DP
15 2 89 RP
16 10 138 DP
16 13 125 DP
16 15 178 DP
18 1 112 DP
21 7 185 RP
23 3 142 DP
26 13 157 DP
31 4 38 DP
34 3 171 DP
35 5 37 DP
35 6 133 DP
38 9 154 DP
38 11 21 DP
39 3 105 DP
39 7 197 DP
40 12 166 DP
42 4 118 DP
43 10 5 DP
46 13 123 DP
48 5 124 DP
49 14 85 DP
52 3 140 DP
54 0 145 DP
54 5 55 DP
54 15 6 DP
58 5 167 DP
61 9 85 RP
65 4 36 DP
69 1 4 DP
72 12 26 DP
73 5 93 DP
79 12 141 DP
80 7 15 DP
83 7 23 DP
84 2 192 DP
85 4 115 DP
86 4 19 DP
87 1 66 DP
88 0 170 DP
88 3 144 DP
89 0 70 DP
96 12 128 DP
97 4 178 RP
101 15 62 DP
103 1 39 DP
104 4 175 DP
107 0 5 RP
107 14 87 DP
109 6 189 DP
110 14 72 DP
113 13 91 DP
115 9 69 DP
117 5 168 DP
119 1 198 DP
120 8 77 DP
121 3 166 RP
121 5 100 DP
124 5 129 DP
129 1 200 DP
133 1 159 DP
133 9 76 DP
134 11 28 RP
136 15 178 RP
138 5 28 DP
138 15 133 RP
141 11 67 DP
142 9 21 RP
143 0 105 RP
145 7 90 DP
148 5 61 DP
151 0 2 DP
152 4 38 RP
153 9 29 DP
153 15 52 DP
156 3 22 DP
156 8 188 DP
156 12 59 DP
156 13 177 DP
158 8 197 RP
159 12 197 RP
161 5 126 DP
161 12 163 DP
162 3 82 DP
162 9 188 RP
166 6 194 DP
167 15 24 DP
173 0 151 DP
174 10 69 RP
178 9 60 DP
183 1 53 DP
188 10 138 RP
190 11 181 DP
194 9 102 DP
195 13 138 RP
196 8 60 RP
199 0 181 RP
