1 0 144 DP
1 2 118 DP
2 3 25 DP
9 7 172 DP
9 15 74 DP
11 2 167 DP
14 10 107 DP
18 1 165 DP
19 1 19 DP
22 15 126 DP
24 0 83 RP
30 4 27 DP
37 3 158 DP
37 10 111 DP
40 7 184 DP
44 15 72 DP
45 14 104 DP
48 9 180 DP
50 5 49 DP
52 0 168 DP
52 3 195 DP
53 2 24 DP
55 7 106 DP
58 9 90 DP
59 7 75 DP
60 13 2 DP
61 8 30 DP
62 8 73 DP
63 4 55 DP
65 4 34 DP
66 1 169 DP
66 14 174 DP
69 8 17 DP
69 12 16 DP
72 7 146 DP
73 9 1 DP
77 9 80 DP
77 11 125 DP
79 15 116 DP
86 10 44 DP
87 6 35 DP
88 1 178 DP
90 12 56 DP
91 5 137 DP
92 4 85 DP
92 7 117 DP
92 8 8 DP
93 11 122 DP
94 12 144 RP
95 15 72 RP
98 3 18 DP
100 2 172 RP
104 10 14 DP
104 15 199 DP
105 3 106 RP
107 13 197 DP
108 6 121 DP
109 6 61 DP
111 15 30 RP
113 0 110 DP
116 12 106 RP
119 7 77 DP
120 9 164 DP
121 1 190 DP
122 14 2 RP
126 3 126 RP
126 14 51 DP
128 8 16 RP
135 11 130 DP
137 4 53 DP
139 9 62 DP
139 15 168 RP
143 6 88 DP
143 11 3 DP
145 6 185 DP
146 8 173 DP
146 12 149 BP
146 13 122 RP
151 1 25 RP
151 4 83 DP
159 4 31 DP
163 6 116 RP
163 13 39 DP
164 6 127 DP
165 10 126 RP
166 13 51 RP
171 3 22 DP
171 13 15 DP
172 13 169 RP
173 10 165 RP
175 8 23 DP
178 11 29 DP
185 8 68 DP
189 1 30 RP
189 14 143 DP
193 12 70 DP
194 14 138 DP
196 13 183 DP
197 10 113 DP
