2 12 99 DP
3 6 186 DP
4 6 200 DP
6 14 99 RP
16 0 109 DP
16 7 192 DP
17 3 42 DP
19 7 15 DP
19 12 152 DP
21 1 111 DP
21 15 1 DP
22 2 28 DP
24 8 19 DP
25 8 143 DP
27 1 144 DP
27 9 169 DP
28 10 170 DP
30 1 59 DP
33 3 132 DP
34 3 33 DP
35 7 174 DP
35 10 142 DP
38 4 37 DP
40 3 149 DP
52 1 139 DP
53 13 10 DP
56 5 166 DP
59 14 190 DP
60 4 94 DP
60 11 77 DP
62 6 31 DP
68 10 37 RP
69 8 8 DP
70 11 168 DP
71 6 118 DP
71 7 37 RP
72 10 10 RP
77 3 164 DP
78 0 116 DP
78 11 37 RP
79 14 158 DP
80 6 94 RP
82 0 105 DP
83 14 134 DP
84 9 39 DP
86 7 129 DP
86 9 94 RP
87 14 29 DP
88 4 115 DP
92 10 73 DP
102 10 2 DP
104 4 28 RP
104 5 191 DP
111 6 79 DP
111 8 196 BP
111 14 26 BP
112 6 155 DP
115 0 89 DP
117 6 147 DP
118 5 127 DP
119 0 106 DP
119 3 40 BP
119 12 111 RP
120 12 199 DP
121 1 128 DP
121 4 63 DP
122 13 100 DP
124 6 165 DP
125 3 45 DP
125 9 32 DP
126 4 133 DP
128 9 61 DP
130 0 56 DP
133 7 19 RP
134 7 65 DP
149 3 194 DP
149 4 64 DP
153 13 125 DP
163 14 82 DP
165 5 140 DP
166 11 167 DP
172 11 200 RP
174 1 119 DP
177 0 77 RP
178 9 64 RP
179 13 18 DP
182 13 173 DP
187 5 19 RP
188 7 28 RP
190 6 179 DP
192 4 183 DP
194 15 73 RP
195 4 156 DP
196 4 136 DP
196 15 35 DP
197 13 61 RP
199 5 51 DP
