1 2 34 DP
3 5 45 DP
4 6 175 DP
8 8 18 DP
9 11 4 DP
11 14 189 DP
12 14 191 DP
14 11 54 DP
19 4 1 DP
20 2 111 DP
20 11 14 DP
21 10 122 DP
24 4 26 DP
24 9 66 DP
25 12 86 DP
26 5 179 DP
28 8 78 DP
31 11 92 DP
32 2 34 RP
35 0 21 DP
44 7 119 DP
45 15 53 DP
50 1 125 DP
55 4 73 DP
55 8 93 DP
56 11 171 RP
56 13 20 DP
58 8 59 DP
59 14 36 DP
60 5 118 DP
61 15 75 DP
64 6 48 DP
65 2 102 DP
65 8 43 DP
65 10 2 DP
66 15 76 DP
74 1 27 DP
76 6 52 DP
81 13 17 DP
82 1 171 DP
82 4 189 RP
88 7 30 DP
88 15 40 DP
92 10 4 RP
92 14 64 DP
93 4 16 DP
93 6 63 DP
99 8 80 DP
102 14 178 DP
103 5 153 DP
106 0 20 RP
110 12 170 DP
112 4 83 DP
112 12 47 DP
114 13 162 DP
116 1 38 DP
119 15 10 DP
120 4 23 DP
120 9 126 DP
125 11 190 DP
126 0 59 RP
128 9 16 RP
129 11 170 RP
132 9 94 DP
136 8 38 RP
139 13 104 DP
139 14 4 RP
140 2 11 DP
140 5 195 DP
140 14 87 DP
142 2 43 RP
146 2 152 DP
152 2 198 DP
153 14 12 DP
155 0 15 DP
155 14 155 DP
156 7 76 RP
161 0 64 RP
162 5 19 DP
162 12 189 RP
163 8 177 DP
166 0 131 DP
172 2 6 DP
176 2 57 DP
176 3 161 DP
177 11 54 RP
177 15 166 DP
178 3 181 DP
180 7 1 RP
181 3 9 DP
181 12 116 DP
184 13 25 DP
185 10 40 RP
188 15 143 DP
189 9 100 DP
191 4 22 DP
191 11 86 RP
193 12 92 RP
198 12 138 DP
200 6 94 RP
