2 2 63 DP
2 13 113 DP
5 7 87 DP
7 9 168 DP
8 3 149 DP
9 10 101 DP
12 14 44 DP
16 6 20 DP
17 5 150 DP
21 5 189 DP
24 7 177 DP
26 14 122 DP
27 9 113 RP
28 10 176 DP
30 5 67 DP
32 10 52 DP
35 14 90 DP
41 5 174 DP
41 11 125 DP
44 11 119 DP
45 0 184 DP
47 15 47 DP
48 10 181 DP
50 2 5 DP
50 6 174 RP
51 5 168 RP
52 14 55 DP
54 11 123 DP
55 12 71 DP
58 5 132 DP
61 10 167 DP
62 3 77 DP
65 8 174 RP
67 4 165 DP
71 13 141 DP
75 0 28 RP
76 0 117 DP
80 10 21 RP
81 13 122 RP
81 14 76 DP
84 0 148 DP
87 11 168 RP
88 8 125 RP
91 5 21 DP
91 7 28 BP
91 9 123 RP
95 13 126 DP
95 14 138 DP
97 5 69 DP
100 15 196 DP
103 0 115 DP
103 5 7 DP
107 10 27 DP
108 10 77 RP
109 6 103 DP
111 1 74 DP
111 4 178 DP
119 2 198 DP
121 9 1 DP
122 2 8 DP
127 7 143 DP
127 11 174 RP
129 3 30 RP
130 14 147 DP
134 3 81 DP
135 10 149 RP
136 9 170 DP
138 2 143 RP
139 8 180 DP
142 1 11 DP
144 10 22 DP
145 12 67 RP
149 14 173 DP
151 2 113 RP
154 10 170 RP
158 12 32 DP
163 11 12 DP
165 15 45 DP
166 6 114 DP
167 11 37 DP
168 4 39 DP
172 9 183 DP
173 5 90 RP
176 12 113 RP
178 9 38 DP
179 5 17 DP
182 12 194 DP
184 5 52 RP
189 13 169 DP
190 8 141 RP
191 10 30 DP
191 12 52 RP
193 7 85 DP
195 6 42 DP
195 7 17 RP
195 8 49 BP
195 9 31 BP
200 0 105 DP
200 9 13 DP
