2 8 43 DP
3 2 42 DP
8 8 120 DP
9 9 82 DP
12 9 158 DP
13 13 170 DP
14 9 147 DP
16 10 173 DP
18 3 176 DP
22 13 6 DP
25 14 105 DP
28 10 15 DP
29 5 88 DP
32 9 170 RP
35 5 72 DP
37 10 13 DP
43 14 53 DP
44 7 83 DP
48 12 118 DP
48 14 28 DP
50 5 4 DP
52 12 177 DP
54 6 66 DP
56 8 164 DP
58 2 75 DP
78 7 161 DP
79 13 72 RP
79 15 184 DP
80 3 24 DP
81 0 99 DP
82 5 97 DP
84 8 120 RP
88 12 166 DP
91 13 82 RP
92 10 167 DP
95 14 133 DP
96 2 13 RP
100 9 22 DP
101 9 108 DP
103 9 93 DP
104 1 23 DP
104 7 197 DP
105 15 199 DP
106 15 159 DP
109 11 12 DP
110 7 52 DP
117 14 106 DP
119 13 104 DP
120 10 14 DP
121 4 160 DP
122 2 108 RP
122 8 34 DP
123 6 99 RP
126 2 187 DP
127 13 113 DP
132 9 191 DP
132 11 90 DP
133 1 74 DP
134 0 45 DP
137 1 126 RP
137 5 169 DP
138 14 43 RP
140 11 81 DP
144 5 10 DP
149 15 45 RP
150 12 146 RP
151 13 187 RP
153 0 157 DP
158 6 165 DP
159 12 88 RP
163 13 81 RP
164 3 10 RP
165 11 21 DP
167 12 159 RP
169 15 77 DP
170 8 62 DP
172 0 149 DP
172 3 123 DP
172 8 89 DP
173 1 77 RP
173 14 172 DP
174 4 198 DP
175 1 108 RP
175 10 146 DP
176 9 194 DP
177 1 14 RP
180 7 126 DP
180 11 23 RP
181 15 74 RP
187 13 62 RP
189 9 125 DP
191 1 181 DP
192 1 196 DP
193 1 93 RP
194 15 70 DP
195 12 146 RP
199 12 24 RP
200 2 129 DP
