4 3 21 DP
7 2 145 DP
7 4 199 DP
10 0 20 DP
10 9 55 DP
14 9 195 DP
17 2 2 DP
18 10 133 DP
19 9 59 DP
21 15 125 DP
23 2 13 DP
27 2 4 DP
27 6 152 DP
27 9 47 DP
30 12 115 DP
33 7 36 DP
34 1 73 DP
36 6 176 DP
36 9 50 DP
38 1 172 DP
39 9 69 DP
42 2 14 DP
45 7 44 DP
46 6 95 DP
47 8 186 RP
49 11 134 DP
51 12 89 DP
55 10 166 DP
56 13 200 DP
58 6 53 DP
59 5 73 RP
59 12 70 DP
60 5 139 DP
61 15 37 DP
64 12 130 DP
65 8 200 RP
67 5 61 DP
67 13 92 DP
68 0 124 DP
70 15 160 DP
73 4 152 RP
73 14 7 DP
74 5 194 RP
83 13 162 DP
91 9 125 RP
91 15 125 BP
96 15 146 DP
97 10 86 DP
99 2 79 DP
99 13 183 DP
100 14 144 DP
101 5 169 DP
104 9 60 DP
106 9 150 DP
107 2 57 DP
107 14 150 RP
109 7 35 DP
109 8 114 DP
109 10 83 DP
112 11 125 RP
113 8 128 DP
114 14 7 RP
114 15 3 DP
115 5 186 DP
115 11 69 RP
117 1 45 DP
119 14 72 DP
125 8 134 RP
128 2 99 DP
130 3 190 DP
137 7 181 DP
140 0 103 DP
144 14 111 DP
153 1 199 RP
154 6 62 DP
155 10 125 RP
159 6 45 RP
160 13 139 RP
163 3 34 DP
163 4 135 DP
169 15 63 DP
173 15 79 RP
175 5 57 RP
177 5 53 RP
184 9 148 DP
185 2 151 DP
185 6 158 DP
185 15 119 DP
188 1 36 RP
188 3 161 DP
188 14 23 BP
190 2 86 RP
191 14 43 DP
192 7 165 DP
193 12 197 DP
194 0 69 RP
196 2 47 RP
196 3 194 DP
199 1 114 RP
