6 11 67 DP
10 7 59 DP
12 2 149 DP
15 9 10 DP
15 12 73 DP
18 8 140 DP
19 1 155 DP
19 12 115 DP
20 15 138 DP
21 3 155 RP
21 13 132 DP
22 12 24 DP
24 9 54 DP
24 13 162 DP
25 11 145 DP
26 8 117 DP
26 13 108 DP
29 10 136 DP
30 6 185 DP
33 4 165 DP
35 3 42 DP
37 6 113 DP
38 4 108 RP
39 0 165 RP
39 9 37 DP
43 9 2 DP
46 5 139 DP
46 14 129 DP
51 1 196 DP
52 6 157 DP
54 15 144 DP
60 2 75 DP
63 1 47 DP
67 4 5 DP
68 13 39 DP
69 3 28 DP
70 2 105 DP
78 7 46 DP
78 11 138 RP
83 13 184 DP
85 4 93 DP
85 6 72 DP
89 2 64 DP
92 11 102 DP
99 13 178 DP
99 14 112 DP
102 13 18 DP
106 0 101 DP
106 8 163 DP
106 12 26 DP
108 14 62 DP
108 15 200 DP
109 7 78 DP
111 14 86 DP
119 8 199 DP
122 1 53 DP
122 13 81 DP
124 10 28 RP
126 0 123 DP
128 3 130 DP
131 1 95 DP
131 2 83 DP
131 4 50 DP
131 5 60 DP
133 6 140 RP
134 11 156 DP
136 4 104 DP
136 13 160 DP
138 8 130 RP
139 6 12 DP
142 10 110 DP
144 11 148 DP
148 9 100 DP
149 7 45 DP
152 13 8 DP
158 9 58 DP
163 1 116 DP
164 9 166 DP
165 11 49 DP
170 0 132 RP
171 9 9 DP
177 11 173 DP
181 12 76 DP
182 12 180 DP
184 10 118 DP
184 12 32 DP
186 1 70 DP
186 14 11 BP
186 15 180 RP
187 13 91 DP
187 15 172 DP
190 15 169 DP
191 4 55 DP
192 14 99 DP
193 10 175 DP
199 7 21 DP
200 5 198 DP
200 8 69 DP
