4 3 121 DP
4 7 80 DP
8 3 151 DP
10 12 164 DP
11 7 91 DP
11 11 160 DP
13 7 105 DP
15 3 121 RP
15 9 79 DP
16 13 115 DP
21 2 150 DP
23 2 134 DP
26 0 71 DP
30 10 103 DP
31 3 85 DP
31 15 186 DP
32 12 25 DP
35 1 36 DP
35 14 131 DP
36 5 121 RP
36 6 166 DP
37 10 171 DP
38 4 35 DP
40 0 166 RP
43 13 19 DP
44 7 175 DP
46 10 85 RP
47 1 130 DP
48 4 141 DP
49 0 162 DP
50 7 67 DP
50 8 7 DP
52 11 8 DP
54 10 51 DP
57 3 3 DP
58 2 132 DP
61 10 86 RP
61 14 192 DP
62 6 123 DP
65 13 171 RP
72 12 113 RP
76 0 124 DP
76 12 17 DP
77 4 148 DP
78 5 42 DP
78 8 87 DP
79 1 92 DP
80 3 194 DP
87 14 78 DP
88 7 97 DP
89 3 58 RP
91 9 93 DP
92 8 130 RP
93 8 13 DP
95 13 69 DP
101 7 171 RP
101 9 113 DP
101 13 95 BP
104 11 152 DP
105 3 42 RP
107 14 83 DP
108 8 86 DP
108 13 36 RP
109 10 118 DP
109 11 8 RP
110 5 62 DP
110 15 44 DP
111 2 195 DP
115 0 182 DP
120 7 29 DP
121 10 103 RP
122 9 162 RP
132 7 91 RP
134 10 116 DP
136 1 97 RP
139 3 78 RP
142 8 165 DP
144 10 49 DP
147 6 133 DP
154 6 97 RP
156 3 200 DP
158 0 182 RP
167 7 160 RP
167 11 107 DP
167 15 43 BP
169 8 82 DP
170 5 158 DP
170 7 134 RP
170 10 58 BP
172 14 70 DP
174 7 191 DP
179 10 3 RP
184 8 90 DP
184 14 35 RP
189 4 99 DP
199 12 10 DP
200 3 196 DP
