2 6 124 DP
3 4 176 DP
9 4 34 DP
13 13 97 DP
15 14 46 DP
17 0 69 DP
19 3 50 DP
19 10 125 DP
20 12 82 DP
22 13 18 DP
23 14 84 DP
24 5 25 DP
28 4 145 DP
28 13 176 RP
30 9 123 DP
33 9 109 DP
38 4 96 DP
38 13 49 DP
41 2 99 DP
41 7 69 RP
43 10 75 DP
48 2 187 DP
48 10 169 DP
49 3 129 DP
51 6 10 DP
52 3 107 DP
52 10 138 DP
54 15 45 DP
55 9 184 DP
58 2 65 DP
58 3 89 DP
58 6 146 DP
59 14 128 DP
61 6 88 DP
63 12 96 RP
64 2 13 DP
64 11 193 DP
66 2 120 DP
68 0 110 DP
73 1 152 DP
79 0 37 DP
79 8 168 BP
79 15 46 RP
81 13 114 DP
83 1 56 DP
85 8 132 DP
96 4 199 DP
98 4 37 RP
99 1 144 DP
106 2 7 DP
108 7 24 DP
109 7 196 DP
110 0 178 DP
110 15 120 RP
111 4 134 DP
114 2 127 DP
115 11 73 DP
118 2 196 RP
119 8 67 DP
121 7 135 DP
121 11 137 DP
126 6 43 DP
130 7 199 RP
130 15 153 DP
131 0 48 DP
134 0 42 DP
135 0 47 DP
136 3 164 DP
139 6 146 RP
139 15 160 DP
141 11 88 RP
141 15 68 DP
142 11 37 RP
143 11 148 DP
147 4 141 DP
155 10 82 RP
157 14 28 DP
163 12 73 RP
165 5 149 DP
166 12 139 DP
169 0 18 RP
169 7 161 DP
170 6 50 RP
170 11 157 DP
174 1 42 RP
176 12 148 RP
178 6 181 DP
182 3 188 DP
184 6 40 DP
186 3 191 DP
186 13 45 RP
189 8 181 RP
190 4 174 DP
191 11 189 DP
193 11 102 DP
195 8 129 RP
196 11 80 DP
