7 2 154 DP
11 5 70 DP
12 7 109 DP
13 4 168 DP
14 6 20 DP
15 12 131 DP
17 15 200 DP
18 14 129 DP
19 7 102 DP
21 10 27 DP
23 11 18 DP
25 9 33 DP
30 14 134 DP
31 3 115 DP
32 10 97 DP
33 15 88 DP
38 9 113 DP
39 1 197 DP
39 13 2 DP
46 8 126 DP
47 9 199 DP
49 3 133 DP
49 12 30 DP
51 6 13 DP
53 4 125 DP
55 15 157 RP
57 10 139 DP
59 2 45 DP
59 4 180 DP
63 8 46 RP
64 0 161 DP
64 8 3 DP
66 10 78 DP
72 13 129 RP
76 13 52 DP
76 14 143 DP
77 5 123 DP
80 8 80 DP
83 6 35 DP
83 11 29 DP
86 2 87 DP
87 3 180 RP
89 7 125 RP
89 8 23 DP
98 11 62 DP
104 0 195 DP
107 14 190 DP
108 13 100 DP
110 6 120 DP
111 8 73 DP
112 1 135 DP
114 11 142 DP
115 13 97 RP
116 8 47 DP
120 3 42 DP
122 13 103 DP
122 14 158 DP
122 15 15 DP
125 13 41 DP
126 5 123 RP
127 10 100 RP
129 4 64 DP
130 15 91 DP
131 7 186 DP
137 14 73 RP
139 12 26 DP
140 3 94 DP
141 15 42 RP
146 8 197 RP
147 0 84 DP
148 13 185 DP
151 10 66 DP
161 4 46 DP
161 15 27 RP
165 4 70 RP
165 11 178 DP
167 1 128 DP
167 10 120 RP
169 10 176 DP
171 6 146 DP
172 3 169 DP
173 5 57 DP
175 9 176 RP
178 5 175 DP
180 1 191 DP
180 2 2 RP
182 12 20 RP
183 9 186 RP
184 8 199 RP
184 10 157 DP
186 6 62 RP
187 7 115 RP
189 10 57 RP
190 8 75 DP
196 11 175 RP
197 11 160 DP
198 14 137 DP
199 3 17 DP
199 9 72 DP
